../csv_test/AAA.csv
../csv_test/act-v-implied.csv
Parse Error filename=../csv_test/act-v-implied.csv, msg=Irregular number of columns, context=[0.003806]
../csv_test/ADJBORNS.csv
../csv_test/ADJRAM.csv
../csv_test/ADJRES.csv
../csv_test/ADJRESN.csv
../csv_test/ADJRESNS.csv
../csv_test/ADJRESSL.csv
../csv_test/ADJSBASE.csv
../csv_test/AFDEF.csv
../csv_test/AFEXPND.csv
../csv_test/AFGSL.csv
../csv_test/AFRECPT.csv
../csv_test/age2.csv
../csv_test/Age.csv
../csv_test/aggregated_return_data.csv
../csv_test/AHETPI.csv
../csv_test/ALTSALES.csv
../csv_test/AMBNS.csv
../csv_test/AMBSL.csv
../csv_test/AMZN.csv
../csv_test/amzn_week.csv
Parse Error filename=../csv_test/amzn_week.csv, msg=Irregular number of columns, context=[<!-- ichart8.finance.dcn.yahoo.com uncompressed Mon Nov 15 11:53:01 PST 2004 -->]
../csv_test/analyst_volatility.csv
../csv_test/ans.csv
Parse Error filename=../csv_test/ans.csv, msg=File has no data, context=[]
../csv_test/app_categories.csv
../csv_test/apps.csv
Parse Error filename=../csv_test/apps.csv, msg=Failed to parse line, context=[ryan-wegner]
../csv_test/ARARLFN.csv
../csv_test/ARARPOP.csv
../csv_test/ARARURN.csv
../csv_test/ARASLFN.csv
../csv_test/ARASPOP.csv
../csv_test/ARASURN.csv
../csv_test/ARBALFN.csv
../csv_test/ARBAPOP.csv
../csv_test/ARBAURN.csv
../csv_test/ARBELFN.csv
../csv_test/ARBEPOP.csv
../csv_test/ARBEURN.csv
../csv_test/ARBOLFN.csv
../csv_test/ARBOPOP.csv
../csv_test/ARBOURN.csv
../csv_test/ARBRLFN.csv
../csv_test/ARBRPOP.csv
../csv_test/ARBRURN.csv
../csv_test/ARCALFN.csv
../csv_test/ARCAPOP.csv
../csv_test/ARCAURN.csv
../csv_test/ARCELFN.csv
../csv_test/ARCEPOP.csv
../csv_test/ARCEURN.csv
../csv_test/ARCHLFN.csv
../csv_test/ARCHPOP.csv
../csv_test/ARCHURN.csv
../csv_test/ARCILFN.csv
../csv_test/ARCIPOP.csv
../csv_test/ARCIURN.csv
../csv_test/ARCLLFN.csv
../csv_test/ARCLPOP.csv
../csv_test/ARCLURN.csv
../csv_test/ARCNLFN.csv
../csv_test/ARCNPOP.csv
../csv_test/ARCNURN.csv
../csv_test/ARCOLFN.csv
../csv_test/ARCONS.csv
../csv_test/ARCONSN.csv
../csv_test/ARCOPOP.csv
../csv_test/ARCOURN.csv
../csv_test/ARCRLFN.csv
../csv_test/ARCRPOP.csv
../csv_test/ARCRURN.csv
../csv_test/ARCSLFN.csv
../csv_test/ARCSPOP.csv
../csv_test/ARCSURN.csv
../csv_test/ARCTLFN.csv
../csv_test/ARCTPOP.csv
../csv_test/ARCTURN.csv
../csv_test/ARCVLFN.csv
../csv_test/ARCVPOP.csv
../csv_test/ARCVURN.csv
../csv_test/ARCWLFN.csv
../csv_test/ARCWPOP.csv
../csv_test/ARCWURN.csv
../csv_test/ARCYLFN.csv
../csv_test/ARCYPOP.csv
../csv_test/ARCYURN.csv
../csv_test/ARDALFN.csv
../csv_test/ARDAPOP.csv
../csv_test/ARDAURN.csv
../csv_test/ARDELFN.csv
../csv_test/ARDEPOP.csv
../csv_test/ARDEURN.csv
../csv_test/ARDRLFN.csv
../csv_test/ARDRPOP.csv
../csv_test/ARDRURN.csv
../csv_test/AREACC.csv
../csv_test/AREADJ.csv
../csv_test/AREADM.csv
../csv_test/AREART.csv
../csv_test/ARECON.csv
../csv_test/AREDUH.csv
../csv_test/AREDUHN.csv
../csv_test/AREDUR.csv
../csv_test/AREEDU.csv
../csv_test/AREFIN.csv
../csv_test/AREFOR.csv
../csv_test/AREHEA.csv
../csv_test/AREINF.csv
../csv_test/AREMAN.csv
../csv_test/AREMIN.csv
../csv_test/ARENET.csv
../csv_test/ARENON.csv
../csv_test/AREOTH.csv
../csv_test/AREPLA.csv
../csv_test/AREPRO.csv
../csv_test/AREREA.csv
../csv_test/ARERET.csv
../csv_test/ARETRA.csv
../csv_test/AREUTI.csv
../csv_test/AREWHO.csv
../csv_test/ARFALFN.csv
../csv_test/ARFAPOP.csv
../csv_test/ARFAURN.csv
../csv_test/ARFIRE.csv
../csv_test/ARFIREN.csv
../csv_test/ARFRLFN.csv
../csv_test/ARFRPOP.csv
../csv_test/ARFRURN.csv
../csv_test/ARFULFN.csv
../csv_test/ARFUPOP.csv
../csv_test/ARFUURN.csv
../csv_test/ARGALFN.csv
../csv_test/ARGAPOP.csv
../csv_test/ARGAURN.csv
../csv_test/ARGELFN.csv
../csv_test/ARGEPOP.csv
../csv_test/ARGEURN.csv
../csv_test/ARGOVT.csv
../csv_test/ARGOVTN.csv
../csv_test/ARGRLFN.csv
../csv_test/ARGRPOP.csv
../csv_test/ARGRURN.csv
../csv_test/ARHELFN.csv
../csv_test/ARHEPOP.csv
../csv_test/ARHEURN.csv
../csv_test/ARHOLFN.csv
../csv_test/ARHOPOP.csv
../csv_test/ARHOURN.csv
../csv_test/ARHWLFN.csv
../csv_test/ARHWPOP.csv
../csv_test/ARHWURN.csv
../csv_test/ARINFON.csv
../csv_test/ARINLFN.csv
../csv_test/ARINPOP.csv
../csv_test/ARINURN.csv
../csv_test/ARIZLFN.csv
../csv_test/ARIZPOP.csv
../csv_test/ARIZURN.csv
../csv_test/ARJALFN.csv
../csv_test/ARJAPOP.csv
../csv_test/ARJAURN.csv
../csv_test/ARJELFN.csv
../csv_test/ARJEPOP.csv
../csv_test/ARJEURN.csv
../csv_test/ARJOLFN.csv
../csv_test/ARJOPOP.csv
../csv_test/ARJOURN.csv
../csv_test/ARLALFN.csv
../csv_test/ARLAPOP.csv
../csv_test/ARLAURN.csv
../csv_test/ARLEIH.csv
../csv_test/ARLEIHN.csv
../csv_test/ARLELFN.csv
../csv_test/ARLEPOP.csv
../csv_test/ARLEURN.csv
../csv_test/ARLF.csv
../csv_test/ARLFN.csv
../csv_test/ARLILFN.csv
../csv_test/ARLIPOP.csv
../csv_test/ARLIURN.csv
../csv_test/ARLLRTL.csv
../csv_test/ARLNLFN.csv
../csv_test/ARLNPOP.csv
../csv_test/ARLNURN.csv
../csv_test/ARLOLFN.csv
../csv_test/ARLOPOP.csv
../csv_test/ARLOURN.csv
../csv_test/ARLSTL.csv
../csv_test/ARLTLFN.csv
../csv_test/ARLTPOP.csv
../csv_test/ARLTURN.csv
../csv_test/ARLWLFN.csv
../csv_test/ARLWPOP.csv
../csv_test/ARLWURN.csv
../csv_test/ARMALFN.csv
../csv_test/ARMAPOP.csv
../csv_test/ARMAURN.csv
../csv_test/ARMFG.csv
../csv_test/ARMFGN.csv
../csv_test/ARMILFN.csv
../csv_test/ARMIPOP.csv
../csv_test/ARMIURN.csv
../csv_test/ARMNLFN.csv
../csv_test/ARMNPOP.csv
../csv_test/ARMNURN.csv
../csv_test/ARMOLFN.csv
../csv_test/ARMOPOP.csv
../csv_test/ARMOURN.csv
../csv_test/ARMRLFN.csv
../csv_test/ARMRPOP.csv
../csv_test/ARMRURN.csv
../csv_test/ARMSLFN.csv
../csv_test/ARMSPOP.csv
../csv_test/ARMSURN.csv
../csv_test/ARNA.csv
../csv_test/ARNAN.csv
../csv_test/ARNELFN.csv
../csv_test/ARNEPOP.csv
../csv_test/ARNEURN.csv
../csv_test/ARNIM.csv
../csv_test/ARNPTL.csv
../csv_test/ARNRMN.csv
../csv_test/ARNRMNN.csv
../csv_test/ARNUM.csv
../csv_test/ARNWLFN.csv
../csv_test/ARNWPOP.csv
../csv_test/ARNWURN.csv
../csv_test/AROBEN.csv
../csv_test/ARODIV.csv
../csv_test/AROFAR.csv
../csv_test/AROFPE.csv
../csv_test/AROI96.csv
../csv_test/ARONON.csv
../csv_test/ARONOP.csv
../csv_test/AROOTH.csv
../csv_test/AROPCI.csv
../csv_test/AROPER.csv
../csv_test/AROSOC.csv
../csv_test/AROTOT.csv
../csv_test/AROTRA.csv
../csv_test/AROULFN.csv
../csv_test/AROUPOP.csv
../csv_test/AROUURN.csv
../csv_test/ARPBSV.csv
../csv_test/ARPBSVN.csv
../csv_test/ARPELFN.csv
../csv_test/ARPEPOP.csv
../csv_test/ARPEURN.csv
../csv_test/ARPHCI.csv
../csv_test/ARPHLFN.csv
../csv_test/ARPHPOP.csv
../csv_test/ARPHURN.csv
../csv_test/ARPILFN.csv
../csv_test/ARPIPOP.csv
../csv_test/ARPIURN.csv
../csv_test/ARPLLFN.csv
../csv_test/ARPLPOP.csv
../csv_test/ARPLURN.csv
../csv_test/ARPOLFN.csv
../csv_test/ARPOP.csv
../csv_test/ARPOPOP.csv
../csv_test/ARPOURN.csv
../csv_test/ARPPLFN.csv
../csv_test/ARPPPOP.csv
../csv_test/ARPPURN.csv
../csv_test/ARPRLFN.csv
../csv_test/ARPRPOP.csv
../csv_test/ARPRURN.csv
../csv_test/ARPULFN.csv
../csv_test/ARPUPOP.csv
../csv_test/ARPUURN.csv
../csv_test/ARRALFN.csv
../csv_test/ARRAPOP.csv
../csv_test/ARRAURN.csv
../csv_test/ARROA.csv
../csv_test/ARROE.csv
../csv_test/ARSALFN.csv
../csv_test/ARSAPOP.csv
../csv_test/ARSAURN.csv
../csv_test/ARSBLFN.csv
../csv_test/ARSBPOP.csv
../csv_test/ARSBURN.csv
../csv_test/ARSCLFN.csv
../csv_test/ARSCPOP.csv
../csv_test/ARSCURN.csv
../csv_test/ARSELFN.csv
../csv_test/ARSEPOP.csv
../csv_test/ARSEURN.csv
../csv_test/ARSHLFN.csv
../csv_test/ARSHPOP.csv
../csv_test/ARSHURN.csv
../csv_test/ARSOLFN.csv
../csv_test/ARSOPOP.csv
../csv_test/ARSOURN.csv
../csv_test/ARSRVON.csv
../csv_test/ARSTLFN.csv
../csv_test/ARSTPOP.csv
../csv_test/ARSTURN.csv
../csv_test/ARSVLFN.csv
../csv_test/ARSVPOP.csv
../csv_test/ARSVURN.csv
../csv_test/ARTRAD.csv
../csv_test/ARTRADN.csv
../csv_test/ARUNLFN.csv
../csv_test/ARUNPOP.csv
../csv_test/ARUNURN.csv
../csv_test/ARUR.csv
../csv_test/ARURN.csv
../csv_test/ARVALFN.csv
../csv_test/ARVAPOP.csv
../csv_test/ARVAURN.csv
../csv_test/ARWACC.csv
../csv_test/ARWADM.csv
../csv_test/ARWALFN.csv
../csv_test/ARWAPOP.csv
../csv_test/ARWART.csv
../csv_test/ARWAURN.csv
../csv_test/ARWCON.csv
../csv_test/ARWDUR.csv
../csv_test/ARWEDU.csv
../csv_test/ARWFIN.csv
../csv_test/ARWFOR.csv
../csv_test/ARWHEA.csv
../csv_test/ARWHLFN.csv
../csv_test/ARWHPOP.csv
../csv_test/ARWHURN.csv
../csv_test/ARWINF.csv
../csv_test/ARWMAN.csv
../csv_test/ARWMIN.csv
../csv_test/ARWNON.csv
../csv_test/ARWOLFN.csv
../csv_test/ARWOPOP.csv
../csv_test/ARWOTH.csv
../csv_test/ARWOURN.csv
../csv_test/ARWPRO.csv
../csv_test/ARWREA.csv
../csv_test/ARWRET.csv
../csv_test/ARWTOT.csv
../csv_test/ARWTRA.csv
../csv_test/ARWUTI.csv
../csv_test/ARWWHO.csv
../csv_test/ARYELFN.csv
../csv_test/ARYEPOP.csv
../csv_test/ARYEURN.csv
../csv_test/ASBORR.csv
../csv_test/ASLCTAX.csv
../csv_test/ASLEXPND.csv
../csv_test/ASLPITAX.csv
../csv_test/ASLPTAX.csv
../csv_test/ASLRECPT.csv
../csv_test/ASLRSI.csv
../csv_test/ASLSTAX.csv
../csv_test/AUTONS.csv
../csv_test/AUTOSL.csv
../csv_test/AWHI.csv
../csv_test/AWHNONAG.csv
../csv_test/BA3M.csv
../csv_test/BA6M.csv
../csv_test/BAA.csv
../csv_test/bad.csv
../csv_test/BASE.csv
../csv_test/BASENS.csv
../csv_test/BBY.csv
Parse Error filename=../csv_test/BBY.csv, msg=Irregular number of columns, context=[<!-- ichart7.finance.dcn.yahoo.com uncompressed Mon Oct  4 12:12:04 PDT 2004 -->]
../csv_test/behave.00_15-27052002.csv
../csv_test/behave.00_30-27052002.csv
../csv_test/behave.01_00-27052002.csv
../csv_test/behave.01_15-27052002.csv
../csv_test/behave.01_30-27052002.csv
../csv_test/behave.02_00-27052002.csv
../csv_test/behave.02_15-27052002.csv
../csv_test/behave.02_30-27052002.csv
../csv_test/behave.03_00-27052002.csv
../csv_test/behave.03_15-27052002.csv
../csv_test/behave.03_30-27052002.csv
../csv_test/behave.04_00-27052002.csv
../csv_test/behave.04_15-27052002.csv
../csv_test/behave.04_30-27052002.csv
../csv_test/behave.05_00-27052002.csv
../csv_test/behave.05_15-27052002.csv
../csv_test/behave.05_30-27052002.csv
../csv_test/behave.06_00-27052002.csv
../csv_test/behave.06_15-27052002.csv
../csv_test/behave.06_30-27052002.csv
../csv_test/behave.07_00-27052002.csv
../csv_test/behave.07_15-27052002.csv
../csv_test/behave.07_30-27052002.csv
../csv_test/behave.08_00-27052002.csv
../csv_test/behave.08_15-27052002.csv
../csv_test/behave.08_30-27052002.csv
../csv_test/behave.09_00-27052002.csv
../csv_test/behave.09_15-27052002.csv
../csv_test/behave.09_30-27052002.csv
../csv_test/behave.10_00-27052002.csv
../csv_test/behave.10_15-27052002.csv
../csv_test/behave.10_30-27052002.csv
../csv_test/behave.11_00-27052002.csv
../csv_test/behave.11_15-27052002.csv
../csv_test/behave.11_30-27052002.csv
../csv_test/behave.12_00-27052002.csv
../csv_test/behave.12_15-27052002.csv
../csv_test/behave.12_30-27052002.csv
../csv_test/behave.13_00-27052002.csv
../csv_test/behave.13_15-27052002.csv
../csv_test/behave.13_30-27052002.csv
../csv_test/behave.14_00-27052002.csv
../csv_test/behave.14_15-27052002.csv
../csv_test/behave.14_30-27052002.csv
../csv_test/behave.15_00-27052002.csv
../csv_test/behave.15_15-27052002.csv
../csv_test/behave.15_30-27052002.csv
../csv_test/behave.16_00-27052002.csv
../csv_test/behave.16_15-27052002.csv
../csv_test/behave.16_30-27052002.csv
../csv_test/behave.17_00-27052002.csv
../csv_test/behave.17_15-27052002.csv
../csv_test/behave.17_30-27052002.csv
../csv_test/behave.18_00-27052002.csv
../csv_test/behave.18_15-27052002.csv
../csv_test/behave.18_30-27052002.csv
../csv_test/behave.19_00-27052002.csv
../csv_test/behave.19_15-27052002.csv
../csv_test/behave.19_30-27052002.csv
../csv_test/behave.20_00-27052002.csv
../csv_test/behave.20_15-27052002.csv
../csv_test/behave.20_30-27052002.csv
../csv_test/behave.21_00-27052002.csv
../csv_test/behave.21_15-27052002.csv
../csv_test/behave.21_30-27052002.csv
../csv_test/behave.22_00-27052002.csv
../csv_test/behave.22_15-27052002.csv
../csv_test/behave.22_30-27052002.csv
../csv_test/big-run3.csv
../csv_test/BOGAMBNS.csv
../csv_test/BOGAMBSL.csv
../csv_test/BOGNONBR.csv
../csv_test/BOGUMBNS.csv
../csv_test/bond_week.csv
Parse Error filename=../csv_test/bond_week.csv, msg=Irregular number of columns, context=[<!-- ichart13.finance.dcn.yahoo.com uncompressed Mon Nov 15 11:59:07 PST 2004 -->]
../csv_test/BOPBCA.csv
../csv_test/BOPBGS.csv
../csv_test/BOPBII.csv
../csv_test/BOPBM.csv
../csv_test/BOPBSV.csv
../csv_test/BOPERR.csv
../csv_test/BOPG.csv
../csv_test/BOPGEXP.csv
../csv_test/BOPGG.csv
../csv_test/BOPGIMP.csv
../csv_test/BOPGP.csv
../csv_test/BOPGR.csv
../csv_test/BOPGSTB.csv
../csv_test/BOPGTB.csv
../csv_test/BOPI.csv
../csv_test/BOPIO.csv
../csv_test/BOPIOG.csv
../csv_test/BOPIOGO.csv
../csv_test/BOPIOGT.csv
../csv_test/BOPIOL.csv
../csv_test/BOPIOO.csv
../csv_test/BOPIOU.csv
../csv_test/BOPIP.csv
../csv_test/BOPIPD.csv
../csv_test/BOPIPF.csv
../csv_test/BOPIPG.csv
../csv_test/BOPIPO.csv
../csv_test/BOPIPT.csv
../csv_test/BOPM.csv
../csv_test/BOPMD.csv
../csv_test/BOPMG.csv
../csv_test/BOPMI.csv
../csv_test/BOPMM.csv
../csv_test/BOPMP.csv
../csv_test/BOPMSV.csv
../csv_test/BOPMSVG.csv
../csv_test/BOPMSVMT.csv
../csv_test/BOPMSVO.csv
../csv_test/BOPMSVOT.csv
../csv_test/BOPMSVP.csv
../csv_test/BOPMSVR.csv
../csv_test/BOPMSVT.csv
../csv_test/BOPO.csv
../csv_test/BOPOF.csv
../csv_test/BOPOGC.csv
../csv_test/BOPOGCR.csv
../csv_test/BOPOG.csv
../csv_test/BOPOGF.csv
../csv_test/BOPOGLD.csv
../csv_test/BOPOIMF.csv
../csv_test/BOPOO.csv
../csv_test/BOPOP.csv
../csv_test/BOPOPD.csv
../csv_test/BOPOPF.csv
../csv_test/BOPOPO.csv
../csv_test/BOPOPS.csv
../csv_test/BOPOSDR.csv
../csv_test/BOPSEXP.csv
../csv_test/BOPSIMP.csv
../csv_test/BOPSTB.csv
../csv_test/BOPX.csv
../csv_test/BOPXM.csv
../csv_test/BOPXMD.csv
../csv_test/BOPXMG.csv
../csv_test/BOPXMP.csv
../csv_test/BOPXR.csv
../csv_test/BOPXSV.csv
../csv_test/BOPXSVG.csv
../csv_test/BOPXSVMT.csv
../csv_test/BOPXSVO.csv
../csv_test/BOPXSVOT.csv
../csv_test/BOPXSVP.csv
../csv_test/BOPXSVR.csv
../csv_test/BOPXSVT.csv
../csv_test/BORROW.csv
../csv_test/BOWLFN.csv
../csv_test/BOWURN.csv
../csv_test/BUSINV.csv
../csv_test/BUSLOANS.csv
../csv_test/CBIA.csv
../csv_test/CBIC1.csv
../csv_test/CBIC96.csv
../csv_test/CBICA.csv
../csv_test/CBI.csv
../csv_test/CC.csv
Parse Error filename=../csv_test/CC.csv, msg=Irregular number of columns, context=[<!-- ichart9.finance.dcn.yahoo.com uncompressed Mon Oct  4 12:13:50 PDT 2004 -->]
../csv_test/CCFC.csv
../csv_test/CD1M.csv
../csv_test/CD3M.csv
../csv_test/CD6M.csv
../csv_test/CDC.csv
../csv_test/CDSP.csv
../csv_test/CE16OV.csv
../csv_test/CfgQueryStringExamples.csv
../csv_test/chance_of_ranking_free.csv
../csv_test/chance_of_ranking_paid.csv
../csv_test/CIBOARD.csv
../csv_test/CIVA.csv
../csv_test/CIVPART.csv
../csv_test/CLF16OV.csv
../csv_test/CLHLFN.csv
../csv_test/CLHPOP.csv
../csv_test/CLHURN.csv
../csv_test/CLMLFN.csv
../csv_test/CLMPOP.csv
../csv_test/CLMURN.csv
../csv_test/CMDEBT.csv
../csv_test/CNCF.csv
../csv_test/CNP16OV.csv
../csv_test/COE.csv
../csv_test/COFC.csv
../csv_test/COMPAPER.csv
../csv_test/COMPMS.csv
../csv_test/COMPNFB.csv
../csv_test/COMPRMS.csv
../csv_test/COMPRNFB.csv
../csv_test/CONSUMER.csv
../csv_test/country.csv
Parse Error filename=../csv_test/country.csv, msg=Irregular number of columns, context=[]
../csv_test/Country.csv
../csv_test/counts.csv
Parse Error filename=../csv_test/counts.csv, msg=Irregular number of columns, context=[]
../csv_test/CP1M.csv
../csv_test/CP3M.csv
../csv_test/CP6M.csv
../csv_test/CPATAX.csv
../csv_test/CPF1M.csv
../csv_test/CPF2M.csv
../csv_test/CPF3M.csv
../csv_test/CPIAUCNS.csv
../csv_test/CPIAUCSL.csv
../csv_test/CPIENGNS.csv
../csv_test/CPIENGSL.csv
../csv_test/CPILEGNS.csv
../csv_test/CPILEGSL.csv
../csv_test/CPILFENS.csv
../csv_test/CPILFESL.csv
../csv_test/CPIUFDNS.csv
../csv_test/CPIUFDSL.csv
../csv_test/CPIULFNS.csv
../csv_test/CPIULFSL.csv
../csv_test/CPN1M.csv
../csv_test/CPN2M.csv
../csv_test/CPN3M.csv
../csv_test/CPROFIT.csv
../csv_test/CRAN_mirrors.csv
../csv_test/CsvExamples2.csv
Parse Error filename=../csv_test/CsvExamples2.csv, msg=Failed to parse line, context=[	ne	 twø	 three	 four]
../csv_test/CsvExamples.csv
../csv_test/CUMFN.csv
../csv_test/CURRCIR.csv
../csv_test/CURRDD.csv
../csv_test/CURRENCY.csv
../csv_test/CURRNS.csv
../csv_test/CURRSL.csv
../csv_test/curve.csv
Parse Error filename=../csv_test/curve.csv, msg=File has no data, context=[]
../csv_test/D8LFN.csv
../csv_test/D8LLRTL.csv
../csv_test/D8LSTL.csv
../csv_test/D8NIM.csv
../csv_test/D8NPTL.csv
../csv_test/D8NUM.csv
../csv_test/D8POP.csv
../csv_test/D8ROA.csv
../csv_test/D8ROE.csv
../csv_test/D8URN.csv
../csv_test/DAAA.csv
../csv_test/DADJRESN.csv
../csv_test/DADJRESS.csv
../csv_test/data.csv
Parse Error filename=../csv_test/data.csv, msg=File has no data, context=[]
../csv_test/dates2.csv
../csv_test/dates.csv
../csv_test/day.csv
../csv_test/DBAA.csv
../csv_test/DBKAC.csv
../csv_test/DCBCCA.csv
../csv_test/DCD1M.csv
../csv_test/DCD6M.csv
../csv_test/DCD90.csv
../csv_test/DCP30.csv
../csv_test/DCPF1M.csv
../csv_test/DCPF2M.csv
../csv_test/DCPF3M.csv
../csv_test/DCPN2M.csv
../csv_test/DCPN30.csv
../csv_test/DCPN3M.csv
../csv_test/DDDFCBNS.csv
../csv_test/DDDFOINS.csv
../csv_test/DDISCRT.csv
../csv_test/DEBTNS.csv
../csv_test/DEBTSL.csv
../csv_test/DEMDEPNS.csv
../csv_test/DEMDEPSL.csv
../csv_test/demo_data_cable.csv
Parse Error filename=../csv_test/demo_data_cable.csv, msg=Failed to parse line, context=[,]
../csv_test/demo_data.csv
../csv_test/Device.csv
../csv_test/DEXBZUS.csv
../csv_test/DEXCAUS.csv
../csv_test/DEXCHUS.csv
../csv_test/DEXDNUS.csv
../csv_test/DEXHKUS.csv
../csv_test/DEXINUS.csv
../csv_test/DEXJPUS.csv
../csv_test/DEXKOUS.csv
../csv_test/DEXMAUS.csv
../csv_test/DEXMXUS.csv
../csv_test/DEXNOUS.csv
../csv_test/DEXSDUS.csv
../csv_test/DEXSFUS.csv
../csv_test/DEXSIUS.csv
../csv_test/DEXSLUS.csv
../csv_test/DEXSZUS.csv
../csv_test/DEXTAUS.csv
../csv_test/DEXTHUS.csv
../csv_test/DEXUSAL.csv
../csv_test/DEXUSEU.csv
../csv_test/DEXUSNZ.csv
../csv_test/DEXUSUK.csv
../csv_test/DEXVZUS.csv
../csv_test/DFEDTAR.csv
../csv_test/DFF.csv
../csv_test/DFII10.csv
../csv_test/DFII20.csv
../csv_test/DFII5.csv
../csv_test/DFII7.csv
../csv_test/DGIC96.csv
../csv_test/DGI.csv
../csv_test/DGORDER.csv
../csv_test/DGS10.csv
../csv_test/DGS1.csv
../csv_test/DGS1MO.csv
../csv_test/DGS20.csv
../csv_test/DGS2.csv
../csv_test/DGS30.csv
../csv_test/DGS3.csv
../csv_test/DGS3MO.csv
../csv_test/DGS5.csv
../csv_test/DGS6MO.csv
../csv_test/DGS7.csv
../csv_test/DILLFN.csv
../csv_test/DILPOP.csv
../csv_test/DILURN.csv
../csv_test/DINLFN.csv
../csv_test/DINPOP.csv
../csv_test/DINURN.csv
../csv_test/DISAMBNS.csv
../csv_test/DISAMBSL.csv
../csv_test/DISBASE.csv
../csv_test/DISBWRAM.csv
../csv_test/DISCNTD8.csv
../csv_test/DISCOUNT.csv
../csv_test/DISMULT.csv
../csv_test/DISRAM.csv
../csv_test/Distribution.csv
../csv_test/DIVIDEND.csv
../csv_test/DKYLFN.csv
../csv_test/DKYPOP.csv
../csv_test/DKYURN.csv
../csv_test/dlambda.csv
../csv_test/DLTA.csv
../csv_test/DLTBOARD.csv
../csv_test/DMOLFN.csv
../csv_test/DMOPOP.csv
../csv_test/DMOURN.csv
../csv_test/DMSLFN.csv
../csv_test/DMSPOP.csv
../csv_test/DMSURN.csv
../csv_test/DPCREDIT.csv
../csv_test/dp.csv
../csv_test/DPIC96.csv
../csv_test/DPI.csv
../csv_test/DPRIME.csv
../csv_test/DSADJREN.csv
../csv_test/DSADJRES.csv
../csv_test/DSBASEN.csv
../csv_test/DSBASENS.csv
../csv_test/DSCONSN.csv
../csv_test/DSEACC.csv
../csv_test/DSEADJ.csv
../csv_test/DSEADM.csv
../csv_test/DSEART.csv
../csv_test/DSECON.csv
../csv_test/DSEDUHN.csv
../csv_test/DSEDUR.csv
../csv_test/DSEEDU.csv
../csv_test/DSEFIN.csv
../csv_test/DSEFOR.csv
../csv_test/DSEHEA.csv
../csv_test/DSEINF.csv
../csv_test/DSEMAN.csv
../csv_test/DSEMIN.csv
../csv_test/DSENET.csv
../csv_test/DSENON.csv
../csv_test/DSEOTH.csv
../csv_test/DSEPLA.csv
../csv_test/DSEPRO.csv
../csv_test/DSEREA.csv
../csv_test/DSERET.csv
../csv_test/DSETRA.csv
../csv_test/DSEUTI.csv
../csv_test/DSEWHO.csv
../csv_test/DSFIREN.csv
../csv_test/DSGOVTN.csv
../csv_test/DSINFON.csv
../csv_test/DSLEIHN.csv
../csv_test/DSLF.csv
../csv_test/DSLFN.csv
../csv_test/DSMFGN.csv
../csv_test/DSNAN.csv
../csv_test/DSNRMNN.csv
../csv_test/DSOBEN.csv
../csv_test/DSODIV.csv
../csv_test/DSOFAR.csv
../csv_test/DSOFPE.csv
../csv_test/DSOI96.csv
../csv_test/DSONON.csv
../csv_test/DSONOP.csv
../csv_test/DSOOTH.csv
../csv_test/DSOPCI.csv
../csv_test/DSOPER.csv
../csv_test/DSOSOC.csv
../csv_test/DSOTOT.csv
../csv_test/DSOTRA.csv
../csv_test/DSPBSVN.csv
../csv_test/DSPIC96.csv
../csv_test/DSPI.csv
../csv_test/DSPOP.csv
../csv_test/DSSRVON.csv
../csv_test/DSTRADN.csv
../csv_test/DSUR.csv
../csv_test/DSURN.csv
../csv_test/DSWACC.csv
../csv_test/DSWADM.csv
../csv_test/DSWART.csv
../csv_test/DSWCON.csv
../csv_test/DSWDUR.csv
../csv_test/DSWEDU.csv
../csv_test/DSWFIN.csv
../csv_test/DSWFOR.csv
../csv_test/DSWHEA.csv
../csv_test/DSWINF.csv
../csv_test/DSWMAN.csv
../csv_test/DSWMIN.csv
../csv_test/DSWNON.csv
../csv_test/DSWOTH.csv
../csv_test/DSWPRO.csv
../csv_test/DSWREA.csv
../csv_test/DSWRET.csv
../csv_test/DSWTOT.csv
../csv_test/DSWTRA.csv
../csv_test/DSWUTI.csv
../csv_test/DSWWHO.csv
../csv_test/DTB1.csv
../csv_test/DTB3.csv
../csv_test/DTB4WK.csv
../csv_test/DTB6.csv
../csv_test/DTNLFN.csv
../csv_test/DTNPOP.csv
../csv_test/DTNURN.csv
../csv_test/DTP10J07.csv
../csv_test/DTP10J08.csv
../csv_test/DTP10J09.csv
../csv_test/DTP10J10.csv
../csv_test/DTP10J11.csv
../csv_test/DTP10J12.csv
../csv_test/DTP10J14.csv
../csv_test/DTP10J15.csv
../csv_test/DTP10J16.csv
../csv_test/DTP10L12.csv
../csv_test/DTP10L13.csv
../csv_test/DTP10L14.csv
../csv_test/DTP10L15.csv
../csv_test/DTP10L16.csv
../csv_test/DTP30A28.csv
../csv_test/DTP30A29.csv
../csv_test/DTP3HA32.csv
../csv_test/DTP5A10.csv
../csv_test/DTP5A11.csv
../csv_test/DTP5L02.csv
../csv_test/DTWEXB.csv
../csv_test/DTWEXM.csv
../csv_test/DTWEXO.csv
../csv_test/EarlyMover.csv
../csv_test/east_west.csv
../csv_test/ECIBEN.csv
../csv_test/ECICOM.csv
../csv_test/ECIWAG.csv
../csv_test/ELZLFN.csv
../csv_test/ELZURN.csv
../csv_test/EMRATIO.csv
../csv_test/engagement.csv
../csv_test/engagement_mean_229.csv
../csv_test/engagement_median_229.csv
../csv_test/EQTA11.csv
../csv_test/EQTA12.csv
../csv_test/EQTA13.csv
../csv_test/EQTA14.csv
../csv_test/EQTA15.csv
../csv_test/EQTA16.csv
../csv_test/EQTA17.csv
../csv_test/EQTA18.csv
../csv_test/EQTA19.csv
../csv_test/EQTA1.csv
../csv_test/EQTA21.csv
../csv_test/EQTA22.csv
../csv_test/EQTA23.csv
../csv_test/EQTA24.csv
../csv_test/EQTA25.csv
../csv_test/EQTA26.csv
../csv_test/EQTA27.csv
../csv_test/EQTA28.csv
../csv_test/EQTA29.csv
../csv_test/EQTA2.csv
../csv_test/EQTA31.csv
../csv_test/EQTA32.csv
../csv_test/EQTA33.csv
../csv_test/EQTA34.csv
../csv_test/EQTA35.csv
../csv_test/EQTA36.csv
../csv_test/EQTA37.csv
../csv_test/EQTA38.csv
../csv_test/EQTA39.csv
../csv_test/EQTA3.csv
../csv_test/EQTA4.csv
../csv_test/EQTA5.csv
../csv_test/EQTA.csv
../csv_test/EURONS.csv
../csv_test/EVNCONSN.csv
../csv_test/EVNEDUHN.csv
../csv_test/EVNFIREN.csv
../csv_test/EVNGOVTN.csv
../csv_test/EVNINFON.csv
../csv_test/EVNLEIHN.csv
../csv_test/EVNLFN.csv
../csv_test/EVNMFGN.csv
../csv_test/EVNNAN.csv
../csv_test/EVNNRMCN.csv
../csv_test/EVNNRMNN.csv
../csv_test/EVNPBSVN.csv
../csv_test/EVNPOP.csv
../csv_test/EVNSRVON.csv
../csv_test/EVNTRADN.csv
../csv_test/EVNURN.csv
../csv_test/EXAUUS.csv
../csv_test/EXBEUS.csv
../csv_test/EXBZUS.csv
../csv_test/EXCAUS.csv
../csv_test/EXCHUS.csv
../csv_test/EXCRESNS.csv
../csv_test/EXDNUS.csv
../csv_test/EXFNUS.csv
../csv_test/EXFRUS.csv
../csv_test/EXGEUS.csv
../csv_test/EXGRUS.csv
../csv_test/EXHKUS.csv
../csv_test/EXINUS.csv
../csv_test/EXITUS.csv
../csv_test/EXJPUS.csv
../csv_test/EXKOUS.csv
../csv_test/EXMAUS.csv
../csv_test/EXMXUS.csv
../csv_test/EXNEUS.csv
../csv_test/EXNOUS.csv
../csv_test/EXPCA.csv
../csv_test/EXPCH.csv
../csv_test/EXPFR.csv
../csv_test/EXPGE.csv
../csv_test/EXPGSA.csv
../csv_test/EXPGSC1.csv
../csv_test/EXPGSC1N.csv
../csv_test/EXPGSC96.csv
../csv_test/EXPGSCA.csv
../csv_test/EXPGS.csv
../csv_test/EXPGSN.csv
../csv_test/EXPJP.csv
../csv_test/EXPMX.csv
../csv_test/EXPOUS.csv
../csv_test/EXPUK.csv
../csv_test/EXSDUS.csv
../csv_test/EXSFUS.csv
../csv_test/EXSIUS.csv
../csv_test/EXSLUS.csv
../csv_test/EXSPUS.csv
../csv_test/EXSZUS.csv
../csv_test/EXTAUS.csv
../csv_test/EXTENDNS.csv
../csv_test/EXTHUS.csv
../csv_test/EXUSAL.csv
../csv_test/EXUSEC.csv
../csv_test/EXUSEU.csv
../csv_test/EXUSIR.csv
../csv_test/EXUSNZ.csv
../csv_test/EXUSUK.csv
../csv_test/EXVZUS.csv
../csv_test/Falloff-60Days-Category.csv
../csv_test/Falloff-60Days.csv
../csv_test/FASEDUHN.csv
../csv_test/FASFIREN.csv
../csv_test/FASGOVTN.csv
../csv_test/FASINFON.csv
../csv_test/FASLEIHN.csv
../csv_test/FASLFN.csv
../csv_test/FASMFGN.csv
../csv_test/FASNAN.csv
../csv_test/FASNRMNN.csv
../csv_test/FASPBSVN.csv
../csv_test/FASPOP.csv
../csv_test/FASSRVON.csv
../csv_test/FASTRADN.csv
../csv_test/FASURN.csv
../csv_test/f.csv
Parse Error filename=../csv_test/f.csv, msg=Irregular number of columns, context=[0.86]
../csv_test/FCTAX.csv
../csv_test/FDEFX.csv
../csv_test/FDHBAT.csv
../csv_test/FDHBATN.csv
../csv_test/FDHBFI.csv
../csv_test/FDHBFIN.csv
../csv_test/FDHBFRB.csv
../csv_test/FDHBFRBN.csv
../csv_test/FDHBPI.csv
../csv_test/FDHBPIN.csv
../csv_test/feature.pca.csv
../csv_test/features_64.csv
../csv_test/features_and_friends.csv
../csv_test/FEDEBTNS.csv
../csv_test/FEDEBTSL.csv
../csv_test/FEDFUNDS.csv
../csv_test/FF.csv
../csv_test/FGCEA.csv
../csv_test/FGCEC1.csv
../csv_test/FGCEC96.csv
../csv_test/FGCECA.csv
../csv_test/FGCE.csv
../csv_test/FGDEF.csv
../csv_test/FGEXPND.csv
../csv_test/FGRECPT.csv
../csv_test/FGSL.csv
../csv_test/FHA30.csv
../csv_test/FII10.csv
../csv_test/FII20.csv
../csv_test/FII5.csv
../csv_test/FII7.csv
../csv_test/FINSAL.csv
../csv_test/FINSLC1.csv
../csv_test/FINSLC96.csv
../csv_test/FINSLCA.csv
../csv_test/FLEXSC.csv
../csv_test/FNDEFX.csv
../csv_test/FODSP.csv
../csv_test/FPIA.csv
../csv_test/FPIC1.csv
../csv_test/FPIC96.csv
../csv_test/FPICA.csv
../csv_test/FPI.csv
../csv_test/FRED2_csv_2.csv
../csv_test/FREQ1.csv
../csv_test/FREQ2.csv
../csv_test/FREQ3.csv
../csv_test/FREQ4.csv
../csv_test/FREQ5.csv
../csv_test/FREQ.csv
../csv_test/friend_count.csv
../csv_test/friends10595395.csv
Parse Error filename=../csv_test/friends10595395.csv, msg=Failed to read header row, context=[]
../csv_test/friends114195640.csv
Parse Error filename=../csv_test/friends114195640.csv, msg=Failed to read header row, context=[]
../csv_test/friends116437465.csv
Parse Error filename=../csv_test/friends116437465.csv, msg=Failed to read header row, context=[]
../csv_test/friends120538240.csv
Parse Error filename=../csv_test/friends120538240.csv, msg=Failed to read header row, context=[]
../csv_test/friends123482600.csv
Parse Error filename=../csv_test/friends123482600.csv, msg=Failed to read header row, context=[]
../csv_test/friends128278790.csv
Parse Error filename=../csv_test/friends128278790.csv, msg=Failed to read header row, context=[]
../csv_test/friends138334970.csv
Parse Error filename=../csv_test/friends138334970.csv, msg=Failed to read header row, context=[]
../csv_test/friends150668325.csv
Parse Error filename=../csv_test/friends150668325.csv, msg=Failed to read header row, context=[]
../csv_test/friends152353730.csv
Parse Error filename=../csv_test/friends152353730.csv, msg=Failed to read header row, context=[]
../csv_test/friends17696280.csv
Parse Error filename=../csv_test/friends17696280.csv, msg=Failed to read header row, context=[]
../csv_test/friends177302505.csv
Parse Error filename=../csv_test/friends177302505.csv, msg=Failed to read header row, context=[]
../csv_test/friends18001600.csv
Parse Error filename=../csv_test/friends18001600.csv, msg=Failed to read header row, context=[]
../csv_test/friends24043100.csv
Parse Error filename=../csv_test/friends24043100.csv, msg=Failed to read header row, context=[]
../csv_test/friends303439195.csv
Parse Error filename=../csv_test/friends303439195.csv, msg=Failed to read header row, context=[]
../csv_test/friends380353615.csv
Parse Error filename=../csv_test/friends380353615.csv, msg=Failed to read header row, context=[]
../csv_test/friends400022005.csv
Parse Error filename=../csv_test/friends400022005.csv, msg=Failed to read header row, context=[]
../csv_test/friends41214065.csv
Parse Error filename=../csv_test/friends41214065.csv, msg=Failed to read header row, context=[]
../csv_test/friends44202085.csv
Parse Error filename=../csv_test/friends44202085.csv, msg=Failed to read header row, context=[]
../csv_test/friends51948735.csv
Parse Error filename=../csv_test/friends51948735.csv, msg=Failed to read header row, context=[]
../csv_test/friends74538300.csv
Parse Error filename=../csv_test/friends74538300.csv, msg=Failed to read header row, context=[]
../csv_test/friends74557810.csv
Parse Error filename=../csv_test/friends74557810.csv, msg=Failed to read header row, context=[]
../csv_test/friends91891875.csv
Parse Error filename=../csv_test/friends91891875.csv, msg=Failed to read header row, context=[]
../csv_test/friends92330990.csv
Parse Error filename=../csv_test/friends92330990.csv, msg=Failed to read header row, context=[]
../csv_test/FRSI.csv
../csv_test/FSDP.csv
../csv_test/FTSCONSN.csv
../csv_test/FTSEDUHN.csv
../csv_test/FTSFIREN.csv
../csv_test/FTSGOVTN.csv
../csv_test/FTSINFON.csv
../csv_test/FTSLEIHN.csv
../csv_test/FTSLFN.csv
../csv_test/FTSMFGN.csv
../csv_test/FTSNAN.csv
../csv_test/FTSNRMCN.csv
../csv_test/FTSNRMNN.csv
../csv_test/FTSPBSVN.csv
../csv_test/FTSPOP.csv
../csv_test/FTSSRVON.csv
../csv_test/FTSTRADN.csv
../csv_test/FTSURN.csv
../csv_test/FYFR.csv
../csv_test/FYFSD.csv
../csv_test/FYGFD.csv
../csv_test/FYGFDPUB.csv
../csv_test/FYGFDPUN.csv
../csv_test/FYOINT.csv
../csv_test/FYONET.csv
../csv_test/Games.csv
../csv_test/gap-dates.csv
../csv_test/GASPRICE.csv
../csv_test/GCEA.csv
../csv_test/GCEC1.csv
../csv_test/GCEC96.csv
../csv_test/GCECA.csv
../csv_test/GCE.csv
../csv_test/GDB.csv
../csv_test/GDPA.csv
../csv_test/GDPC1.csv
../csv_test/GDPC96.csv
../csv_test/GDPCA.csv
../csv_test/GDP.csv
../csv_test/GDPCTPI.csv
../csv_test/GDPDEF.csv
../csv_test/GDPPOT.csv
../csv_test/GEXPND.csv
../csv_test/GFDEBT.csv
../csv_test/GFDEBTN.csv
../csv_test/GGSAVE.csv
../csv_test/GNPA.csv
../csv_test/GNPC96.csv
../csv_test/GNPCA.csv
../csv_test/GNP.csv
../csv_test/GNPCTPI.csv
../csv_test/GNPDEF.csv
../csv_test/GPDIA.csv
../csv_test/GPDIC1.csv
../csv_test/GPDIC96.csv
../csv_test/GPDICA.csv
../csv_test/GPDI.csv
../csv_test/GPDICTPI.csv
../csv_test/GPSAVE.csv
../csv_test/GRECPT.csv
../csv_test/GS10.csv
../csv_test/GS1.csv
../csv_test/GS1M.csv
../csv_test/GS20.csv
../csv_test/GS2.csv
../csv_test/GS30.csv
../csv_test/GS3.csv
../csv_test/GS3M.csv
../csv_test/GS5.csv
../csv_test/GS6M.csv
../csv_test/GS7.csv
../csv_test/GSAVE.csv
../csv_test/HCOMPBS.csv
../csv_test/HOABS.csv
../csv_test/HOAMS.csv
../csv_test/HOANBS.csv
../csv_test/hour.csv
../csv_test/HOUST1F.csv
../csv_test/HOUST.csv
../csv_test/HOUSTNF.csv
../csv_test/HSN1F.csv
../csv_test/HSPLFN.csv
../csv_test/HSPURN.csv
../csv_test/hud2.csv
../csv_test/HUD Additional Pricing Data.csv
../csv_test/hud.csv
../csv_test/hud-dd.csv
Parse Error filename=../csv_test/hud-dd.csv, msg=File has no data, context=[]
../csv_test/hud-lookup.csv
../csv_test/HUD MHLS SALE DATES.csv
../csv_test/hud-mini2.csv
Parse Error filename=../csv_test/hud-mini2.csv, msg=Irregular number of columns, context=[1141]
../csv_test/hud-mini3.csv
Parse Error filename=../csv_test/hud-mini3.csv, msg=Irregular number of columns, context=[1141]
../csv_test/hud-mini3-del.csv
Parse Error filename=../csv_test/hud-mini3-del.csv, msg=Irregular number of columns, context=[0]
../csv_test/hud-mini3-nodel.csv
Parse Error filename=../csv_test/hud-mini3-nodel.csv, msg=Irregular number of columns, context=[0]
../csv_test/hud-mini.csv
../csv_test/hud-model.csv
../csv_test/ILADLFN.csv
../csv_test/ILADPOP.csv
../csv_test/ILADURN.csv
../csv_test/ILALLFN.csv
../csv_test/ILALPOP.csv
../csv_test/ILALURN.csv
../csv_test/ILBOLFN.csv
../csv_test/ILBOPOP.csv
../csv_test/ILBOURN.csv
../csv_test/ILBRLFN.csv
../csv_test/ILBRPOP.csv
../csv_test/ILBRURN.csv
../csv_test/ILCALFN.csv
../csv_test/ILCAPOP.csv
../csv_test/ILCAURN.csv
../csv_test/ILCNLFN.csv
../csv_test/ILCNPOP.csv
../csv_test/ILCNURN.csv
../csv_test/ILCONS.csv
../csv_test/ILCONSN.csv
../csv_test/ILCWLFN.csv
../csv_test/ILCWPOP.csv
../csv_test/ILCWURN.csv
../csv_test/ILCYLFN.csv
../csv_test/ILCYPOP.csv
../csv_test/ILCYURN.csv
../csv_test/ILEACC.csv
../csv_test/ILEADJ.csv
../csv_test/ILEADM.csv
../csv_test/ILEART.csv
../csv_test/ILECON.csv
../csv_test/ILEDUH.csv
../csv_test/ILEDUHN.csv
../csv_test/ILEDUR.csv
../csv_test/ILEEDU.csv
../csv_test/ILEFIN.csv
../csv_test/ILEFLFN.csv
../csv_test/ILEFOR.csv
../csv_test/ILEFPOP.csv
../csv_test/ILEFURN.csv
../csv_test/ILEHEA.csv
../csv_test/ILEINF.csv
../csv_test/ILEMAN.csv
../csv_test/ILEMIN.csv
../csv_test/ILENET.csv
../csv_test/ILENON.csv
../csv_test/ILEOTH.csv
../csv_test/ILEPLA.csv
../csv_test/ILEPRO.csv
../csv_test/ILEREA.csv
../csv_test/ILERET.csv
../csv_test/ILETRA.csv
../csv_test/ILEUTI.csv
../csv_test/ILEWHO.csv
../csv_test/ILEWLFN.csv
../csv_test/ILEWPOP.csv
../csv_test/ILEWURN.csv
../csv_test/ILFALFN.csv
../csv_test/ILFAPOP.csv
../csv_test/ILFAURN.csv
../csv_test/ILFIRE.csv
../csv_test/ILFIREN.csv
../csv_test/ILFRLFN.csv
../csv_test/ILFRPOP.csv
../csv_test/ILFRURN.csv
../csv_test/ILGALFN.csv
../csv_test/ILGAPOP.csv
../csv_test/ILGAURN.csv
../csv_test/ILGOVT.csv
../csv_test/ILGOVTN.csv
../csv_test/ILGRLFN.csv
../csv_test/ILGRPOP.csv
../csv_test/ILGRURN.csv
../csv_test/ILHALFN.csv
../csv_test/ILHAPOP.csv
../csv_test/ILHAURN.csv
../csv_test/ILHRLFN.csv
../csv_test/ILHRPOP.csv
../csv_test/ILHRURN.csv
../csv_test/ILINFO.csv
../csv_test/ILINFON.csv
../csv_test/ILJALFN.csv
../csv_test/ILJAPOP.csv
../csv_test/ILJAURN.csv
../csv_test/ILJELFN.csv
../csv_test/ILJEPOP.csv
../csv_test/ILJEURN.csv
../csv_test/ILJHLFN.csv
../csv_test/ILJHPOP.csv
../csv_test/ILJHURN.csv
../csv_test/ILJRLFN.csv
../csv_test/ILJRPOP.csv
../csv_test/ILJRURN.csv
../csv_test/ILJSLFN.csv
../csv_test/ILJSPOP.csv
../csv_test/ILJSURN.csv
../csv_test/ILLEIH.csv
../csv_test/ILLEIHN.csv
../csv_test/ILLF.csv
../csv_test/ILLFN.csv
../csv_test/ILLLRTL.csv
../csv_test/ILLSTL.csv
../csv_test/ILLWLFN.csv
../csv_test/ILLWPOP.csv
../csv_test/ILLWURN.csv
../csv_test/ILMDLFN.csv
../csv_test/ILMDPOP.csv
../csv_test/ILMDURN.csv
../csv_test/ILMFG.csv
../csv_test/ILMFGN.csv
../csv_test/ILMGLFN.csv
../csv_test/ILMGPOP.csv
../csv_test/ILMGURN.csv
../csv_test/ILMILFN.csv
../csv_test/ILMIPOP.csv
../csv_test/ILMIURN.csv
../csv_test/ILMOLFN.csv
../csv_test/ILMOPOP.csv
../csv_test/ILMOURN.csv
../csv_test/ILMRLFN.csv
../csv_test/ILMRPOP.csv
../csv_test/ILMRURN.csv
../csv_test/ILMULFN.csv
../csv_test/ILMUPOP.csv
../csv_test/ILMUURN.csv
../csv_test/ILMYLFN.csv
../csv_test/ILMYPOP.csv
../csv_test/ILMYURN.csv
../csv_test/ILNA.csv
../csv_test/ILNAN.csv
../csv_test/ILNIM.csv
../csv_test/ILNPTL.csv
../csv_test/ILNRMNN.csv
../csv_test/ILNUM.csv
../csv_test/ILOBEN.csv
../csv_test/ILODIV.csv
../csv_test/ILOFAR.csv
../csv_test/ILOFPE.csv
../csv_test/ILOI96.csv
../csv_test/ILONON.csv
../csv_test/ILONOP.csv
../csv_test/ILOOTH.csv
../csv_test/ILOPCI.csv
../csv_test/ILOPER.csv
../csv_test/ILOSOC.csv
../csv_test/ILOTOT.csv
../csv_test/ILOTRA.csv
../csv_test/ILPBSV.csv
../csv_test/ILPBSVN.csv
../csv_test/ILPHCI.csv
../csv_test/ILPKLFN.csv
../csv_test/ILPKPOP.csv
../csv_test/ILPKURN.csv
../csv_test/ILPLLRTL.csv
../csv_test/ILPLSTL.csv
../csv_test/ILPNIM.csv
../csv_test/ILPNPTL.csv
../csv_test/ILPNUM.csv
../csv_test/ILPOLFN.csv
../csv_test/ILPOP.csv
../csv_test/ILPOPOP.csv
../csv_test/ILPOURN.csv
../csv_test/ILPRLFN.csv
../csv_test/ILPROA.csv
../csv_test/ILPROE.csv
../csv_test/ILPRPOP.csv
../csv_test/ILPRURN.csv
../csv_test/ILPULFN.csv
../csv_test/ILPUPOP.csv
../csv_test/ILPUURN.csv
../csv_test/ILRALFN.csv
../csv_test/ILRAPOP.csv
../csv_test/ILRAURN.csv
../csv_test/ILRILFN.csv
../csv_test/ILRIPOP.csv
../csv_test/ILRIURN.csv
../csv_test/ILROA.csv
../csv_test/ILROE.csv
../csv_test/ILSALFN.csv
../csv_test/ILSAPOP.csv
../csv_test/ILSAURN.csv
../csv_test/ILSOLFN.csv
../csv_test/ILSOPOP.csv
../csv_test/ILSOURN.csv
../csv_test/ILSRVO.csv
../csv_test/ILSRVON.csv
../csv_test/ILSTLFN.csv
../csv_test/ILSTPOP.csv
../csv_test/ILSTURN.csv
../csv_test/ILTRAD.csv
../csv_test/ILTRADN.csv
../csv_test/ILUNLFN.csv
../csv_test/ILUNPOP.csv
../csv_test/ILUNURN.csv
../csv_test/ILUR.csv
../csv_test/ILURN.csv
../csv_test/ILWACC.csv
../csv_test/ILWADM.csv
../csv_test/ILWALFN.csv
../csv_test/ILWAPOP.csv
../csv_test/ILWART.csv
../csv_test/ILWAURN.csv
../csv_test/ILWCON.csv
../csv_test/ILWDUR.csv
../csv_test/ILWEDU.csv
../csv_test/ILWFIN.csv
../csv_test/ILWFOR.csv
../csv_test/ILWHEA.csv
../csv_test/ILWHLFN.csv
../csv_test/ILWHPOP.csv
../csv_test/ILWHURN.csv
../csv_test/ILWINF.csv
../csv_test/ILWMAN.csv
../csv_test/ILWMIN.csv
../csv_test/ILWMLFN.csv
../csv_test/ILWMPOP.csv
../csv_test/ILWMURN.csv
../csv_test/ILWNON.csv
../csv_test/ILWOTH.csv
../csv_test/ILWPRO.csv
../csv_test/ILWREA.csv
../csv_test/ILWRET.csv
../csv_test/ILWSLFN.csv
../csv_test/ILWSPOP.csv
../csv_test/ILWSURN.csv
../csv_test/ILWTOT.csv
../csv_test/ILWTRA.csv
../csv_test/ILWUTI.csv
../csv_test/ILWWHO.csv
../csv_test/ILWYLFN.csv
../csv_test/ILWYPOP.csv
../csv_test/ILWYURN.csv
../csv_test/image_dimensions.csv
../csv_test/images.csv
../csv_test/IMFNS.csv
../csv_test/IMFSL.csv
../csv_test/IMPCA.csv
../csv_test/IMPCH.csv
../csv_test/IMPFR.csv
../csv_test/IMPGE.csv
../csv_test/IMPGSA.csv
../csv_test/IMPGSC1.csv
../csv_test/IMPGSC1N.csv
../csv_test/IMPGSC96.csv
../csv_test/IMPGSCA.csv
../csv_test/IMPGS.csv
../csv_test/IMPGSN.csv
../csv_test/IMPJP.csv
../csv_test/IMPMX.csv
../csv_test/IMPUK.csv
../csv_test/INCLLFN.csv
../csv_test/INCLPOP.csv
../csv_test/INCLURN.csv
../csv_test/INCONS.csv
../csv_test/INCONSN.csv
../csv_test/INCRLFN.csv
../csv_test/INCRPOP.csv
../csv_test/INCRURN.csv
../csv_test/INDALFN.csv
../csv_test/INDAPOP.csv
../csv_test/INDAURN.csv
../csv_test/INDPRO.csv
../csv_test/INDULFN.csv
../csv_test/INDUPOP.csv
../csv_test/INDUURN.csv
../csv_test/INEACC.csv
../csv_test/INEADJ.csv
../csv_test/INEADM.csv
../csv_test/INEART.csv
../csv_test/INECON.csv
../csv_test/INEDUH.csv
../csv_test/INEDUHN.csv
../csv_test/INEDUR.csv
../csv_test/INEEDU.csv
../csv_test/INEFIN.csv
../csv_test/INEFOR.csv
../csv_test/INEHEA.csv
../csv_test/INEINF.csv
../csv_test/INEMAN.csv
../csv_test/INEMIN.csv
../csv_test/INENET.csv
../csv_test/INENON.csv
../csv_test/INEOTH.csv
../csv_test/INEPLA.csv
../csv_test/INEPRO.csv
../csv_test/INEREA.csv
../csv_test/INERET.csv
../csv_test/INETRA.csv
../csv_test/INEUTI.csv
../csv_test/INEWHO.csv
../csv_test/INFIRE.csv
../csv_test/INFIREN.csv
../csv_test/INFLLFN.csv
../csv_test/INFLPOP.csv
../csv_test/INFLURN.csv
../csv_test/INGELFN.csv
../csv_test/INGEPOP.csv
../csv_test/INGEURN.csv
../csv_test/INGILFN.csv
../csv_test/INGIPOP.csv
../csv_test/INGIURN.csv
../csv_test/INGOVT.csv
../csv_test/INGOVTN.csv
../csv_test/INHRLFN.csv
../csv_test/INHRPOP.csv
../csv_test/INHRURN.csv
../csv_test/ININFO.csv
../csv_test/ININFON.csv
../csv_test/INJALFN.csv
../csv_test/INJAPOP.csv
../csv_test/INJAURN.csv
../csv_test/INJELFN.csv
../csv_test/INJEPOP.csv
../csv_test/INJEURN.csv
../csv_test/INKNLFN.csv
../csv_test/INKNPOP.csv
../csv_test/INKNURN.csv
../csv_test/INLEIH.csv
../csv_test/INLEIHN.csv
../csv_test/INLF.csv
../csv_test/INLFN.csv
../csv_test/INLLRTL.csv
../csv_test/INLSTL.csv
../csv_test/INLWLFN.csv
../csv_test/INLWPOP.csv
../csv_test/INLWURN.csv
../csv_test/INMFG.csv
../csv_test/INMFGN.csv
../csv_test/INMTLFN.csv
../csv_test/INMTPOP.csv
../csv_test/INMTURN.csv
../csv_test/INNA.csv
../csv_test/INNAN.csv
../csv_test/INNIM.csv
../csv_test/INNPTL.csv
../csv_test/INNRMNN.csv
../csv_test/INNUM.csv
../csv_test/INOBEN.csv
../csv_test/INODIV.csv
../csv_test/INOFAR.csv
../csv_test/INOFPE.csv
../csv_test/INOI96.csv
../csv_test/INONON.csv
../csv_test/INONOP.csv
../csv_test/INOOTH.csv
../csv_test/INOPCI.csv
../csv_test/INOPER.csv
../csv_test/INORLFN.csv
../csv_test/INORPOP.csv
../csv_test/INORURN.csv
../csv_test/INOSOC.csv
../csv_test/INOTOT.csv
../csv_test/INOTRA.csv
../csv_test/INPBSV.csv
../csv_test/INPBSVN.csv
../csv_test/INPELFN.csv
../csv_test/INPEPOP.csv
../csv_test/INPEURN.csv
../csv_test/INPHCI.csv
../csv_test/INPILFN.csv
../csv_test/INPIPOP.csv
../csv_test/INPIURN.csv
../csv_test/INPLLRTL.csv
../csv_test/INPLSTL.csv
../csv_test/INPNIM.csv
../csv_test/INPNPTL.csv
../csv_test/INPNUM.csv
../csv_test/INPOP.csv
../csv_test/INPROA.csv
../csv_test/INPROE.csv
../csv_test/INPSLFN.csv
../csv_test/INPSPOP.csv
../csv_test/INPSURN.csv
../csv_test/INROA.csv
../csv_test/INROE.csv
../csv_test/INSCLFN.csv
../csv_test/INSCPOP.csv
../csv_test/INSCURN.csv
../csv_test/INSPLFN.csv
../csv_test/INSPPOP.csv
../csv_test/INSPURN.csv
../csv_test/INSRVO.csv
../csv_test/INSRVON.csv
../csv_test/INSULFN.csv
../csv_test/INSUPOP.csv
../csv_test/INSUURN.csv
../csv_test/INSWLFN.csv
../csv_test/INSWPOP.csv
../csv_test/INSWURN.csv
../csv_test/INTRAD.csv
../csv_test/INTRADN.csv
../csv_test/INUR.csv
../csv_test/INURN.csv
../csv_test/INVALFN.csv
../csv_test/INVAPOP.csv
../csv_test/INVAURN.csv
../csv_test/INVEST.csv
../csv_test/INWACC.csv
../csv_test/INWADM.csv
../csv_test/INWART.csv
../csv_test/INWCON.csv
../csv_test/INWDUR.csv
../csv_test/INWEDU.csv
../csv_test/INWFIN.csv
../csv_test/INWFOR.csv
../csv_test/INWHEA.csv
../csv_test/INWILFN.csv
../csv_test/INWINF.csv
../csv_test/INWIPOP.csv
../csv_test/INWIURN.csv
../csv_test/INWMAN.csv
../csv_test/INWMIN.csv
../csv_test/INWNON.csv
../csv_test/INWOTH.csv
../csv_test/INWPRO.csv
../csv_test/INWREA.csv
../csv_test/INWRET.csv
../csv_test/INWSLFN.csv
../csv_test/INWSPOP.csv
../csv_test/INWSURN.csv
../csv_test/INWTOT.csv
../csv_test/INWTRA.csv
../csv_test/INWUTI.csv
../csv_test/INWWHO.csv
../csv_test/IPDBS.csv
../csv_test/IPDNBS.csv
../csv_test/IRACB.csv
../csv_test/IRA.csv
../csv_test/ISIN.csv
../csv_test/ISRATIO.csv
../csv_test/JACLFN.csv
../csv_test/JACPOP.csv
../csv_test/JACURN.csv
../csv_test/jailbroken_country.csv
../csv_test/jailbroken_lifecycle.csv
../csv_test/jcp-dates.csv
../csv_test/JCXFE.csv
../csv_test/jd_worldscope.csv
Parse Error filename=../csv_test/jd_worldscope.csv, msg=Irregular number of columns, context=[]
../csv_test/JEFLFN.csv
../csv_test/JEFURN.csv
../csv_test/jon.csv
../csv_test/JORLFN.csv
../csv_test/JORURN.csv
../csv_test/js.csv
../csv_test/KYADLFN.csv
../csv_test/KYADPOP.csv
../csv_test/KYADURN.csv
../csv_test/KYALLFN.csv
../csv_test/KYALPOP.csv
../csv_test/KYALURN.csv
../csv_test/KYANLFN.csv
../csv_test/KYANPOP.csv
../csv_test/KYANURN.csv
../csv_test/KYBALFN.csv
../csv_test/KYBAPOP.csv
../csv_test/KYBAURN.csv
../csv_test/KYBILFN.csv
../csv_test/KYBIPOP.csv
../csv_test/KYBIURN.csv
../csv_test/KYBKLFN.csv
../csv_test/KYBKPOP.csv
../csv_test/KYBKURN.csv
../csv_test/KYBLLFN.csv
../csv_test/KYBLPOP.csv
../csv_test/KYBLURN.csv
../csv_test/KYBNLFN.csv
../csv_test/KYBNPOP.csv
../csv_test/KYBNURN.csv
../csv_test/KYBRLFN.csv
../csv_test/KYBRPOP.csv
../csv_test/KYBRURN.csv
../csv_test/KYCALFN.csv
../csv_test/KYCAPOP.csv
../csv_test/KYCAURN.csv
../csv_test/KYCELFN.csv
../csv_test/KYCEPOP.csv
../csv_test/KYCEURN.csv
../csv_test/KYCHLFN.csv
../csv_test/KYCHPOP.csv
../csv_test/KYCHURN.csv
../csv_test/KYCILFN.csv
../csv_test/KYCIPOP.csv
../csv_test/KYCIURN.csv
../csv_test/KYCLLFN.csv
../csv_test/KYCLPOP.csv
../csv_test/KYCLURN.csv
../csv_test/KYCOLFN.csv
../csv_test/KYCONS.csv
../csv_test/KYCONSN.csv
../csv_test/KYCOPOP.csv
../csv_test/KYCOURN.csv
../csv_test/KYCRLFN.csv
../csv_test/KYCRPOP.csv
../csv_test/KYCRURN.csv
../csv_test/KYCSLFN.csv
../csv_test/KYCSPOP.csv
../csv_test/KYCSURN.csv
../csv_test/KYCULFN.csv
../csv_test/KYCUPOP.csv
../csv_test/KYCUURN.csv
../csv_test/KYDALFN.csv
../csv_test/KYDAPOP.csv
../csv_test/KYDAURN.csv
../csv_test/KYEACC.csv
../csv_test/KYEADJ.csv
../csv_test/KYEADM.csv
../csv_test/KYEART.csv
../csv_test/KYECON.csv
../csv_test/KYEDLFN.csv
../csv_test/KYEDPOP.csv
../csv_test/KYEDUH.csv
../csv_test/KYEDUHN.csv
../csv_test/KYEDUR.csv
../csv_test/KYEDURN.csv
../csv_test/KYEEDU.csv
../csv_test/KYEFIN.csv
../csv_test/KYEFOR.csv
../csv_test/KYEHEA.csv
../csv_test/KYEINF.csv
../csv_test/KYEMAN.csv
../csv_test/KYEMIN.csv
../csv_test/KYENET.csv
../csv_test/KYENON.csv
../csv_test/KYEOTH.csv
../csv_test/KYEPLA.csv
../csv_test/KYEPRO.csv
../csv_test/KYEREA.csv
../csv_test/KYERET.csv
../csv_test/KYETRA.csv
../csv_test/KYEUTI.csv
../csv_test/KYEWHO.csv
../csv_test/KYFIRE.csv
../csv_test/KYFIREN.csv
../csv_test/KYFRLFN.csv
../csv_test/KYFRPOP.csv
../csv_test/KYFRURN.csv
../csv_test/KYFULFN.csv
../csv_test/KYFUPOP.csv
../csv_test/KYFUURN.csv
../csv_test/KYGALFN.csv
../csv_test/KYGAPOP.csv
../csv_test/KYGAURN.csv
../csv_test/KYGELFN.csv
../csv_test/KYGEPOP.csv
../csv_test/KYGEURN.csv
../csv_test/KYGOVT.csv
../csv_test/KYGOVTN.csv
../csv_test/KYGVLFN.csv
../csv_test/KYGVPOP.csv
../csv_test/KYGVURN.csv
../csv_test/KYGYLFN.csv
../csv_test/KYGYPOP.csv
../csv_test/KYGYURN.csv
../csv_test/KYHALFN.csv
../csv_test/KYHAPOP.csv
../csv_test/KYHAURN.csv
../csv_test/KYHCLFN.csv
../csv_test/KYHCPOP.csv
../csv_test/KYHCURN.csv
../csv_test/KYHELFN.csv
../csv_test/KYHEPOP.csv
../csv_test/KYHEURN.csv
../csv_test/KYHNLFN.csv
../csv_test/KYHNPOP.csv
../csv_test/KYHNURN.csv
../csv_test/KYHOLFN.csv
../csv_test/KYHOPOP.csv
../csv_test/KYHOURN.csv
../csv_test/KYHRLFN.csv
../csv_test/KYHRPOP.csv
../csv_test/KYHRURN.csv
../csv_test/KYHTLFN.csv
../csv_test/KYHTPOP.csv
../csv_test/KYHTURN.csv
../csv_test/KYINFO.csv
../csv_test/KYINFON.csv
../csv_test/KYJELFN.csv
../csv_test/KYJEPOP.csv
../csv_test/KYJEURN.csv
../csv_test/KYLALFN.csv
../csv_test/KYLAPOP.csv
../csv_test/KYLAURN.csv
../csv_test/KYLEIH.csv
../csv_test/KYLEIHN.csv
../csv_test/KYLF.csv
../csv_test/KYLFN.csv
../csv_test/KYLLRTL.csv
../csv_test/KYLOLFN.csv
../csv_test/KYLOPOP.csv
../csv_test/KYLOURN.csv
../csv_test/KYLSTL.csv
../csv_test/KYLVLFN.csv
../csv_test/KYLVPOP.csv
../csv_test/KYLVURN.csv
../csv_test/KYLYLFN.csv
../csv_test/KYLYPOP.csv
../csv_test/KYLYURN.csv
../csv_test/KYMCLFN.csv
../csv_test/KYMCPOP.csv
../csv_test/KYMCURN.csv
../csv_test/KYMELFN.csv
../csv_test/KYMEPOP.csv
../csv_test/KYMEURN.csv
../csv_test/KYMFG.csv
../csv_test/KYMFGN.csv
../csv_test/KYMFLFN.csv
../csv_test/KYMFPOP.csv
../csv_test/KYMFURN.csv
../csv_test/KYMHLFN.csv
../csv_test/KYMHPOP.csv
../csv_test/KYMHURN.csv
../csv_test/KYMILFN.csv
../csv_test/KYMIPOP.csv
../csv_test/KYMIURN.csv
../csv_test/KYMLLFN.csv
../csv_test/KYMLPOP.csv
../csv_test/KYMLURN.csv
../csv_test/KYMSLFN.csv
../csv_test/KYMSPOP.csv
../csv_test/KYMSURN.csv
../csv_test/KYMULFN.csv
../csv_test/KYMUPOP.csv
../csv_test/KYMUURN.csv
../csv_test/KYMYLFN.csv
../csv_test/KYMYPOP.csv
../csv_test/KYMYURN.csv
../csv_test/KYNA.csv
../csv_test/KYNAN.csv
../csv_test/KYNELFN.csv
../csv_test/KYNEPOP.csv
../csv_test/KYNEURN.csv
../csv_test/KYNIM.csv
../csv_test/KYNPTL.csv
../csv_test/KYNRMNN.csv
../csv_test/KYNUM.csv
../csv_test/KYOBEN.csv
../csv_test/KYODIV.csv
../csv_test/KYOFAR.csv
../csv_test/KYOFPE.csv
../csv_test/KYOHLFN.csv
../csv_test/KYOHPOP.csv
../csv_test/KYOHURN.csv
../csv_test/KYOI96.csv
../csv_test/KYOLLFN.csv
../csv_test/KYOLPOP.csv
../csv_test/KYOLURN.csv
../csv_test/KYONON.csv
../csv_test/KYONOP.csv
../csv_test/KYOOTH.csv
../csv_test/KYOPCI.csv
../csv_test/KYOPER.csv
../csv_test/KYOSOC.csv
../csv_test/KYOTOT.csv
../csv_test/KYOTRA.csv
../csv_test/KYOWLFN.csv
../csv_test/KYOWPOP.csv
../csv_test/KYOWURN.csv
../csv_test/KYPBSV.csv
../csv_test/KYPBSVN.csv
../csv_test/KYPHCI.csv
../csv_test/KYPLLRTL.csv
../csv_test/KYPLSTL.csv
../csv_test/KYPNIM.csv
../csv_test/KYPNPTL.csv
../csv_test/KYPNUM.csv
../csv_test/KYPOP.csv
../csv_test/KYPROA.csv
../csv_test/KYPROE.csv
../csv_test/KYROA.csv
../csv_test/KYROE.csv
../csv_test/KYRULFN.csv
../csv_test/KYRUPOP.csv
../csv_test/KYRUURN.csv
../csv_test/KYSHLFN.csv
../csv_test/KYSHPOP.csv
../csv_test/KYSHURN.csv
../csv_test/KYSILFN.csv
../csv_test/KYSIPOP.csv
../csv_test/KYSIURN.csv
../csv_test/KYSPLFN.csv
../csv_test/KYSPPOP.csv
../csv_test/KYSPURN.csv
../csv_test/KYSRVO.csv
../csv_test/KYSRVON.csv
../csv_test/KYTALFN.csv
../csv_test/KYTAPOP.csv
../csv_test/KYTAURN.csv
../csv_test/KYTILFN.csv
../csv_test/KYTIPOP.csv
../csv_test/KYTIURN.csv
../csv_test/KYTOLFN.csv
../csv_test/KYTOPOP.csv
../csv_test/KYTOURN.csv
../csv_test/KYTRAD.csv
../csv_test/KYTRADN.csv
../csv_test/KYTRLFN.csv
../csv_test/KYTRPOP.csv
../csv_test/KYTRURN.csv
../csv_test/KYUNLFN.csv
../csv_test/KYUNPOP.csv
../csv_test/KYUNURN.csv
../csv_test/KYUR.csv
../csv_test/KYURN.csv
../csv_test/KYWACC.csv
../csv_test/KYWADM.csv
../csv_test/KYWALFN.csv
../csv_test/KYWAPOP.csv
../csv_test/KYWART.csv
../csv_test/KYWAURN.csv
../csv_test/KYWCON.csv
../csv_test/KYWDUR.csv
../csv_test/KYWEDU.csv
../csv_test/KYWELFN.csv
../csv_test/KYWEPOP.csv
../csv_test/KYWEURN.csv
../csv_test/KYWFIN.csv
../csv_test/KYWFOR.csv
../csv_test/KYWHEA.csv
../csv_test/KYWINF.csv
../csv_test/KYWMAN.csv
../csv_test/KYWMIN.csv
../csv_test/KYWNON.csv
../csv_test/KYWOTH.csv
../csv_test/KYWPRO.csv
../csv_test/KYWREA.csv
../csv_test/KYWRET.csv
../csv_test/KYWSLFN.csv
../csv_test/KYWSPOP.csv
../csv_test/KYWSURN.csv
../csv_test/KYWTOT.csv
../csv_test/KYWTRA.csv
../csv_test/KYWUTI.csv
../csv_test/KYWWHO.csv
../csv_test/KYWYLFN.csv
../csv_test/KYWYPOP.csv
../csv_test/KYWYURN.csv
../csv_test/LGTDCBNS.csv
../csv_test/LGTDCBSL.csv
../csv_test/LGTDTI.csv
../csv_test/lifecycle_stats.csv
../csv_test/lifecycle_week_stats.csv
../csv_test/LLRNPT11.csv
../csv_test/LLRNPT12.csv
../csv_test/LLRNPT13.csv
../csv_test/LLRNPT14.csv
../csv_test/LLRNPT15.csv
../csv_test/LLRNPT16.csv
../csv_test/LLRNPT17.csv
../csv_test/LLRNPT18.csv
../csv_test/LLRNPT19.csv
../csv_test/LLRNPT1.csv
../csv_test/LLRNPT21.csv
../csv_test/LLRNPT22.csv
../csv_test/LLRNPT23.csv
../csv_test/LLRNPT24.csv
../csv_test/LLRNPT25.csv
../csv_test/LLRNPT26.csv
../csv_test/LLRNPT27.csv
../csv_test/LLRNPT28.csv
../csv_test/LLRNPT29.csv
../csv_test/LLRNPT2.csv
../csv_test/LLRNPT31.csv
../csv_test/LLRNPT32.csv
../csv_test/LLRNPT33.csv
../csv_test/LLRNPT34.csv
../csv_test/LLRNPT35.csv
../csv_test/LLRNPT36.csv
../csv_test/LLRNPT37.csv
../csv_test/LLRNPT38.csv
../csv_test/LLRNPT39.csv
../csv_test/LLRNPT3.csv
../csv_test/LLRNPT4.csv
../csv_test/LLRNPT5.csv
../csv_test/LLRNPT.csv
../csv_test/LOANINV.csv
../csv_test/LOANS.csv
../csv_test/Loans to be Priced - JOSH2.csv
../csv_test/Loans to be Priced - JOSH.csv
../csv_test/LOIEDUHN.csv
../csv_test/LOIFIREN.csv
../csv_test/LOIGOVTN.csv
../csv_test/LOIINFON.csv
../csv_test/LOILEIHN.csv
../csv_test/LOILFN.csv
../csv_test/LOIMFGN.csv
../csv_test/LOINAN.csv
../csv_test/LOINRMNN.csv
../csv_test/LOIPBSVN.csv
../csv_test/LOIPOP.csv
../csv_test/LOISRVON.csv
../csv_test/LOITRADN.csv
../csv_test/LOIURN.csv
../csv_test/LQDASSNS.csv
../csv_test/LQDASSSL.csv
../csv_test/LRSEDUHN.csv
../csv_test/LRSFIREN.csv
../csv_test/LRSGOVTN.csv
../csv_test/LRSINFON.csv
../csv_test/LRSLEIHN.csv
../csv_test/LRSLFN.csv
../csv_test/LRSMFGN.csv
../csv_test/LRSNAN.csv
../csv_test/LRSNRMNN.csv
../csv_test/LRSPBSVN.csv
../csv_test/LRSPOP.csv
../csv_test/LRSSRVON.csv
../csv_test/LRSTRADN.csv
../csv_test/LRSURN.csv
../csv_test/LTA.csv
../csv_test/LTBOARD.csv
../csv_test/LTDNS.csv
../csv_test/LTDSL.csv
../csv_test/LTGOVTBD.csv
../csv_test/LTGS.csv
../csv_test/M1.csv
../csv_test/M1NS.csv
../csv_test/M1SL.csv
../csv_test/M2.csv
../csv_test/M2MNS.csv
../csv_test/M2MOWN.csv
../csv_test/M2MSL.csv
../csv_test/M2NS.csv
../csv_test/M2OWN.csv
../csv_test/M2SL.csv
../csv_test/M3.csv
../csv_test/M3NS.csv
../csv_test/M3SL.csv
../csv_test/MANEMP.csv
../csv_test/marketing2.csv
Parse Error filename=../csv_test/marketing2.csv, msg=Irregular number of columns, context=[]
../csv_test/marketing.csv
Parse Error filename=../csv_test/marketing.csv, msg=Irregular number of columns, context=[RD]
../csv_test/MCUMFN.csv
../csv_test/md.csv
../csv_test/MDISCRT.csv
../csv_test/MFGOPH.csv
../csv_test/MFGPROD.csv
../csv_test/MICH.csv
../csv_test/mint_transactions.csv
../csv_test/missing_pago.csv
Parse Error filename=../csv_test/missing_pago.csv, msg=Irregular number of columns, context=[(148 rows)]
../csv_test/MOADLFN.csv
../csv_test/MOADPOP.csv
../csv_test/MOADURN.csv
../csv_test/MOAULFN.csv
../csv_test/MOAUPOP.csv
../csv_test/MOAUURN.csv
../csv_test/MOBALFN.csv
../csv_test/MOBAPOP.csv
../csv_test/MOBAURN.csv
../csv_test/MOBLLFN.csv
../csv_test/MOBLPOP.csv
../csv_test/MOBLURN.csv
../csv_test/MOBNLFN.csv
../csv_test/MOBNPOP.csv
../csv_test/MOBNURN.csv
../csv_test/MOBOLFN.csv
../csv_test/MOBOPOP.csv
../csv_test/MOBOURN.csv
../csv_test/MOCILFN.csv
../csv_test/MOCIPOP.csv
../csv_test/MOCIURN.csv
../csv_test/MOCKLFN.csv
../csv_test/MOCKPOP.csv
../csv_test/MOCKURN.csv
../csv_test/MOCLLFN.csv
../csv_test/MOCLPOP.csv
../csv_test/MOCLURN.csv
../csv_test/MOCMLFN.csv
../csv_test/MOCMPOP.csv
../csv_test/MOCMURN.csv
../csv_test/MOCOLFN.csv
../csv_test/MOCONS.csv
../csv_test/MOCONSN.csv
../csv_test/MOCOPOP.csv
../csv_test/MOCOURN.csv
../csv_test/MOCPLFN.csv
../csv_test/MOCPPOP.csv
../csv_test/MOCPURN.csv
../csv_test/MOCTLFN.csv
../csv_test/MOCTPOP.csv
../csv_test/MOCTURN.csv
../csv_test/MOCWLFN.csv
../csv_test/MOCWPOP.csv
../csv_test/MOCWURN.csv
../csv_test/MODALFN.csv
../csv_test/MODAPOP.csv
../csv_test/MODAURN.csv
../csv_test/MODLLFN.csv
../csv_test/MODLPOP.csv
../csv_test/MODLURN.csv
../csv_test/MODNLFN.csv
../csv_test/MODNPOP.csv
../csv_test/MODNURN.csv
../csv_test/MODOLFN.csv
../csv_test/MODOPOP.csv
../csv_test/MODOURN.csv
../csv_test/MODULFN.csv
../csv_test/MODUPOP.csv
../csv_test/MODUURN.csv
../csv_test/MOEACC.csv
../csv_test/MOEADJ.csv
../csv_test/MOEADM.csv
../csv_test/MOEART.csv
../csv_test/MOECON.csv
../csv_test/MOEDUH.csv
../csv_test/MOEDUHN.csv
../csv_test/MOEDUR.csv
../csv_test/MOEEDU.csv
../csv_test/MOEFIN.csv
../csv_test/MOEFOR.csv
../csv_test/MOEHEA.csv
../csv_test/MOEINF.csv
../csv_test/MOEMAN.csv
../csv_test/MOEMIN.csv
../csv_test/MOENET.csv
../csv_test/MOENON.csv
../csv_test/MOEOTH.csv
../csv_test/MOEPLA.csv
../csv_test/MOEPRO.csv
../csv_test/MOEREA.csv
../csv_test/MOERET.csv
../csv_test/MOETRA.csv
../csv_test/MOEUTI.csv
../csv_test/MOEWHO.csv
../csv_test/MOFIRE.csv
../csv_test/MOFIREN.csv
../csv_test/MOFRLFN.csv
../csv_test/MOFRPOP.csv
../csv_test/MOFRURN.csv
../csv_test/MOGALFN.csv
../csv_test/MOGAPOP.csv
../csv_test/MOGAURN.csv
../csv_test/MOGOVT.csv
../csv_test/MOGOVTN.csv
../csv_test/MOGRLFN.csv
../csv_test/MOGRPOP.csv
../csv_test/MOGRURN.csv
../csv_test/MOHLLFN.csv
../csv_test/MOHLPOP.csv
../csv_test/MOHLURN.csv
../csv_test/MOINFON.csv
../csv_test/MOIRLFN.csv
../csv_test/MOIRPOP.csv
../csv_test/MOIRURN.csv
../csv_test/MOJELFN.csv
../csv_test/MOJEPOP.csv
../csv_test/MOJEURN.csv
../csv_test/MOKNLFN.csv
../csv_test/MOKNPOP.csv
../csv_test/MOKNURN.csv
../csv_test/MOLALFN.csv
../csv_test/MOLAPOP.csv
../csv_test/MOLAURN.csv
../csv_test/MOLEIH.csv
../csv_test/MOLEIHN.csv
../csv_test/MOLELFN.csv
../csv_test/MOLEPOP.csv
../csv_test/MOLEURN.csv
../csv_test/MOLF.csv
../csv_test/MOLFN.csv
../csv_test/MOLILFN.csv
../csv_test/MOLIPOP.csv
../csv_test/MOLIURN.csv
../csv_test/MOLLRTL.csv
../csv_test/MOLSTL.csv
../csv_test/MOLWLFN.csv
../csv_test/MOLWPOP.csv
../csv_test/MOLWURN.csv
../csv_test/MOMALFN.csv
../csv_test/MOMAPOP.csv
../csv_test/MOMAURN.csv
../csv_test/MOMDLFN.csv
../csv_test/MOMDPOP.csv
../csv_test/MOMDURN.csv
../csv_test/MOMFG.csv
../csv_test/MOMFGN.csv
../csv_test/MOMILFN.csv
../csv_test/MOMIPOP.csv
../csv_test/MOMIURN.csv
../csv_test/MOMLLFN.csv
../csv_test/MOMLPOP.csv
../csv_test/MOMLURN.csv
../csv_test/MOMNLFN.csv
../csv_test/MOMNPOP.csv
../csv_test/MOMNURN.csv
../csv_test/MOMOLFN.csv
../csv_test/MOMOPOP.csv
../csv_test/MOMOURN.csv
../csv_test/MOMRLFN.csv
../csv_test/MOMRPOP.csv
../csv_test/MOMRURN.csv
../csv_test/MOMSLFN.csv
../csv_test/MOMSPOP.csv
../csv_test/MOMSURN.csv
../csv_test/MOMTLFN.csv
../csv_test/MOMTPOP.csv
../csv_test/MOMTURN.csv
../csv_test/MONA.csv
../csv_test/MONAN.csv
../csv_test/MONELFN.csv
../csv_test/MONEPOP.csv
../csv_test/MONEURN.csv
../csv_test/MONIM.csv
../csv_test/MONPTL.csv
../csv_test/MONRMNN.csv
../csv_test/MONUM.csv
../csv_test/MOOBEN.csv
../csv_test/MOODIV.csv
../csv_test/MOOFAR.csv
../csv_test/MOOFPE.csv
../csv_test/MOOI96.csv
../csv_test/MOONON.csv
../csv_test/MOONOP.csv
../csv_test/MOOOTH.csv
../csv_test/MOOPCI.csv
../csv_test/MOOPER.csv
../csv_test/MOORLFN.csv
../csv_test/MOORPOP.csv
../csv_test/MOORURN.csv
../csv_test/MOOSLFN.csv
../csv_test/MOOSOC.csv
../csv_test/MOOSPOP.csv
../csv_test/MOOSURN.csv
../csv_test/MOOTOT.csv
../csv_test/MOOTRA.csv
../csv_test/MOOZLFN.csv
../csv_test/MOOZPOP.csv
../csv_test/MOOZURN.csv
../csv_test/MOPBSVN.csv
../csv_test/MOPELFN.csv
../csv_test/MOPEPOP.csv
../csv_test/MOPEURN.csv
../csv_test/MOPHCI.csv
../csv_test/MOPHLFN.csv
../csv_test/MOPHPOP.csv
../csv_test/MOPHURN.csv
../csv_test/MOPILFN.csv
../csv_test/MOPIPOP.csv
../csv_test/MOPIURN.csv
../csv_test/MOPLLRTL.csv
../csv_test/MOPLSTL.csv
../csv_test/MOPNIM.csv
../csv_test/MOPNPTL.csv
../csv_test/MOPNUM.csv
../csv_test/MOPOLFN.csv
../csv_test/MOPOP.csv
../csv_test/MOPOPOP.csv
../csv_test/MOPOURN.csv
../csv_test/MOPRLFN.csv
../csv_test/MOPROA.csv
../csv_test/MOPROE.csv
../csv_test/MOPRPOP.csv
../csv_test/MOPRURN.csv
../csv_test/MOPULFN.csv
../csv_test/MOPUPOP.csv
../csv_test/MOPUURN.csv
../csv_test/MORALFN.csv
../csv_test/MORAPOP.csv
../csv_test/MORAURN.csv
../csv_test/MORELFN.csv
../csv_test/MOREPOP.csv
../csv_test/MOREURN.csv
../csv_test/MORILFN.csv
../csv_test/MORIPOP.csv
../csv_test/MORIURN.csv
../csv_test/MORNLFN.csv
../csv_test/MORNPOP.csv
../csv_test/MORNURN.csv
../csv_test/MOROA.csv
../csv_test/MOROE.csv
../csv_test/MORTG.csv
../csv_test/MOSBLFN.csv
../csv_test/MOSBPOP.csv
../csv_test/MOSBURN.csv
../csv_test/MOSDLFN.csv
../csv_test/MOSDPOP.csv
../csv_test/MOSDURN.csv
../csv_test/MOSELFN.csv
../csv_test/MOSEPOP.csv
../csv_test/MOSEURN.csv
../csv_test/MOSFLFN.csv
../csv_test/MOSFPOP.csv
../csv_test/MOSFURN.csv
../csv_test/MOSHLFN.csv
../csv_test/MOSHPOP.csv
../csv_test/MOSHURN.csv
../csv_test/MOSLLFN.csv
../csv_test/MOSLPOP.csv
../csv_test/MOSLURN.csv
../csv_test/MOSNLFN.csv
../csv_test/MOSNPOP.csv
../csv_test/MOSNURN.csv
../csv_test/MOSOLFN.csv
../csv_test/MOSOPOP.csv
../csv_test/MOSOURN.csv
../csv_test/MOSRVO.csv
../csv_test/MOSRVON.csv
../csv_test/MOSSLFN.csv
../csv_test/MOSSPOP.csv
../csv_test/MOSSURN.csv
../csv_test/MOSTLFN.csv
../csv_test/MOSTPOP.csv
../csv_test/MOSTURN.csv
../csv_test/MOSULFN.csv
../csv_test/MOSUPOP.csv
../csv_test/MOSUURN.csv
../csv_test/MOSYLFN.csv
../csv_test/MOSYPOP.csv
../csv_test/MOSYURN.csv
../csv_test/MOTALFN.csv
../csv_test/MOTAPOP.csv
../csv_test/MOTAURN.csv
../csv_test/MOTELFN.csv
../csv_test/MOTEPOP.csv
../csv_test/MOTEURN.csv
../csv_test/MOTRAD.csv
../csv_test/MOTRADN.csv
../csv_test/MOUR.csv
../csv_test/MOURN.csv
../csv_test/MOWACC.csv
../csv_test/MOWADM.csv
../csv_test/MOWALFN.csv
../csv_test/MOWAPOP.csv
../csv_test/MOWART.csv
../csv_test/MOWAURN.csv
../csv_test/MOWCON.csv
../csv_test/MOWDUR.csv
../csv_test/MOWEDU.csv
../csv_test/MOWELFN.csv
../csv_test/MOWEPOP.csv
../csv_test/MOWEURN.csv
../csv_test/MOWFIN.csv
../csv_test/MOWFOR.csv
../csv_test/MOWHEA.csv
../csv_test/MOWINF.csv
../csv_test/MOWMAN.csv
../csv_test/MOWMIN.csv
../csv_test/MOWNON.csv
../csv_test/MOWOTH.csv
../csv_test/MOWPRO.csv
../csv_test/MOWREA.csv
../csv_test/MOWRET.csv
../csv_test/MOWRLFN.csv
../csv_test/MOWRPOP.csv
../csv_test/MOWRURN.csv
../csv_test/MOWSLFN.csv
../csv_test/MOWSPOP.csv
../csv_test/MOWSURN.csv
../csv_test/MOWTOT.csv
../csv_test/MOWTRA.csv
../csv_test/MOWUTI.csv
../csv_test/MOWWHO.csv
../csv_test/MOWYLFN.csv
../csv_test/MOWYPOP.csv
../csv_test/MOWYURN.csv
../csv_test/MPCREDIT.csv
../csv_test/MPHCONSN.csv
../csv_test/MPHEDUHN.csv
../csv_test/MPHFIREN.csv
../csv_test/MPHGOVTN.csv
../csv_test/MPHINFON.csv
../csv_test/MPHLEIHN.csv
../csv_test/MPHLFN.csv
../csv_test/MPHMFGN.csv
../csv_test/MPHNAN.csv
../csv_test/MPHNRMNN.csv
../csv_test/MPHPBSVN.csv
../csv_test/MPHPOP.csv
../csv_test/MPHSRVON.csv
../csv_test/MPHTRADN.csv
../csv_test/MPHURN.csv
../csv_test/MPRIME.csv
../csv_test/MSALLFN.csv
../csv_test/MSALPOP.csv
../csv_test/MSALURN.csv
../csv_test/MSATLFN.csv
../csv_test/MSATPOP.csv
../csv_test/MSATURN.csv
../csv_test/MSBELFN.csv
../csv_test/MSBEPOP.csv
../csv_test/MSBEURN.csv
../csv_test/MSBOLFN.csv
../csv_test/MSBOPOP.csv
../csv_test/MSBOURN.csv
../csv_test/MSCALFN.csv
../csv_test/MSCAPOP.csv
../csv_test/MSCAURN.csv
../csv_test/MSCHLFN.csv
../csv_test/MSCHPOP.csv
../csv_test/MSCHURN.csv
../csv_test/MSCMLFN.csv
../csv_test/MSCMPOP.csv
../csv_test/MSCMURN.csv
../csv_test/MSCOLFN.csv
../csv_test/MSCONS.csv
../csv_test/MSCONSN.csv
../csv_test/MSCOPOP.csv
../csv_test/MSCOURN.csv
../csv_test/MSCRLFN.csv
../csv_test/MSCRPOP.csv
../csv_test/MSCRURN.csv
../csv_test/MSCYLFN.csv
../csv_test/MSCYPOP.csv
../csv_test/MSCYURN.csv
../csv_test/MSDELFN.csv
../csv_test/MSDEPOP.csv
../csv_test/MSDEURN.csv
../csv_test/MSEACC.csv
../csv_test/MSEADJ.csv
../csv_test/MSEADM.csv
../csv_test/MSEART.csv
../csv_test/MSECON.csv
../csv_test/MSEDUHN.csv
../csv_test/MSEDUR.csv
../csv_test/MSEEDU.csv
../csv_test/MSEFIN.csv
../csv_test/MSEFOR.csv
../csv_test/MSEHEA.csv
../csv_test/MSEINF.csv
../csv_test/MSEMAN.csv
../csv_test/MSEMIN.csv
../csv_test/MSENET.csv
../csv_test/MSENON.csv
../csv_test/MSEOTH.csv
../csv_test/MSEPLA.csv
../csv_test/MSEPRO.csv
../csv_test/MSEREA.csv
../csv_test/MSERET.csv
../csv_test/MSETRA.csv
../csv_test/MSEUTI.csv
../csv_test/MSEWHO.csv
../csv_test/MSFIREN.csv
../csv_test/MSGNLFN.csv
../csv_test/MSGNPOP.csv
../csv_test/MSGNURN.csv
../csv_test/MSGOVT.csv
../csv_test/MSGOVTN.csv
../csv_test/MSHOLFN.csv
../csv_test/MSHOPOP.csv
../csv_test/MSHOURN.csv
../csv_test/MSHULFN.csv
../csv_test/MSHUPOP.csv
../csv_test/MSHUURN.csv
../csv_test/MSIM2.csv
../csv_test/MSIM2DS.csv
../csv_test/MSINFON.csv
../csv_test/MSITLFN.csv
../csv_test/MSITPOP.csv
../csv_test/MSITURN.csv
../csv_test/MSLALFN.csv
../csv_test/MSLAPOP.csv
../csv_test/MSLAURN.csv
../csv_test/MSLCLFN.csv
../csv_test/MSLCPOP.csv
../csv_test/MSLCURN.csv
../csv_test/MSLEIH.csv
../csv_test/MSLEIHN.csv
../csv_test/MSLF.csv
../csv_test/MSLFLFN.csv
../csv_test/MSLFN.csv
../csv_test/MSLFPOP.csv
../csv_test/MSLFURN.csv
../csv_test/MSLLRTL.csv
../csv_test/MSLOLFN.csv
../csv_test/MSLOPOP.csv
../csv_test/MSLOURN.csv
../csv_test/MSLSTL.csv
../csv_test/MSMFG.csv
../csv_test/MSMFGN.csv
../csv_test/MSMNLFN.csv
../csv_test/MSMNPOP.csv
../csv_test/MSMNURN.csv
../csv_test/MSMOLFN.csv
../csv_test/MSMOPOP.csv
../csv_test/MSMOURN.csv
../csv_test/MSMSLFN.csv
../csv_test/MSMSPOP.csv
../csv_test/MSMSURN.csv
../csv_test/MSNA.csv
../csv_test/MSNAN.csv
../csv_test/MSNIM.csv
../csv_test/MSNOLFN.csv
../csv_test/MSNOPOP.csv
../csv_test/MSNOURN.csv
../csv_test/MSNPTL.csv
../csv_test/MSNRMNN.csv
../csv_test/MSNUM.csv
../csv_test/MSOBEN.csv
../csv_test/MSODIV.csv
../csv_test/MSOFAR.csv
../csv_test/MSOFPE.csv
../csv_test/MSOI96.csv
../csv_test/MSOKLFN.csv
../csv_test/MSOKPOP.csv
../csv_test/MSOKURN.csv
../csv_test/MSONON.csv
../csv_test/MSONOP.csv
../csv_test/MSOOTH.csv
../csv_test/MSOPCI.csv
../csv_test/MSOPER.csv
../csv_test/MSOSOC.csv
../csv_test/MSOTOT.csv
../csv_test/MSOTRA.csv
../csv_test/MSPALFN.csv
../csv_test/MSPAPOP.csv
../csv_test/MSPAURN.csv
../csv_test/MSPBSVN.csv
../csv_test/MSPHCI.csv
../csv_test/MSPLLRTL.csv
../csv_test/MSPLSTL.csv
../csv_test/MSPNIM.csv
../csv_test/MSPNLFN.csv
../csv_test/MSPNPOP.csv
../csv_test/MSPNPTL.csv
../csv_test/MSPNUM.csv
../csv_test/MSPNURN.csv
../csv_test/MSPOLFN.csv
../csv_test/MSPOP.csv
../csv_test/MSPOPOP.csv
../csv_test/MSPOURN.csv
../csv_test/MSPROA.csv
../csv_test/MSPROE.csv
../csv_test/MSQULFN.csv
../csv_test/MSQUPOP.csv
../csv_test/MSQUURN.csv
../csv_test/MSROA.csv
../csv_test/MSROE.csv
../csv_test/MSSRVON.csv
../csv_test/MSSULFN.csv
../csv_test/MSSUPOP.csv
../csv_test/MSSUURN.csv
../csv_test/MSTALFN.csv
../csv_test/MSTAPOP.csv
../csv_test/MSTAURN.csv
../csv_test/MSTILFN.csv
../csv_test/MSTIPOP.csv
../csv_test/MSTIURN.csv
../csv_test/MSTRAD.csv
../csv_test/MSTRADN.csv
../csv_test/MSTSLFN.csv
../csv_test/MSTSPOP.csv
../csv_test/MSTSURN.csv
../csv_test/MSTTLFN.csv
../csv_test/MSTTPOP.csv
../csv_test/MSTTURN.csv
../csv_test/MSTULFN.csv
../csv_test/MSTUPOP.csv
../csv_test/MSTUURN.csv
../csv_test/MSUNLFN.csv
../csv_test/MSUNPOP.csv
../csv_test/MSUNURN.csv
../csv_test/MSUR.csv
../csv_test/MSURN.csv
../csv_test/MSWACC.csv
../csv_test/MSWADM.csv
../csv_test/MSWART.csv
../csv_test/MSWCON.csv
../csv_test/MSWDUR.csv
../csv_test/MSWEDU.csv
../csv_test/MSWELFN.csv
../csv_test/MSWEPOP.csv
../csv_test/MSWEURN.csv
../csv_test/MSWFIN.csv
../csv_test/MSWFOR.csv
../csv_test/MSWHEA.csv
../csv_test/MSWINF.csv
../csv_test/MSWMAN.csv
../csv_test/MSWMIN.csv
../csv_test/MSWNLFN.csv
../csv_test/MSWNON.csv
../csv_test/MSWNPOP.csv
../csv_test/MSWNURN.csv
../csv_test/MSWOTH.csv
../csv_test/MSWPRO.csv
../csv_test/MSWREA.csv
../csv_test/MSWRET.csv
../csv_test/MSWSLFN.csv
../csv_test/MSWSPOP.csv
../csv_test/MSWSURN.csv
../csv_test/MSWTOT.csv
../csv_test/MSWTRA.csv
../csv_test/MSWUTI.csv
../csv_test/MSWWHO.csv
../csv_test/MSYALFN.csv
../csv_test/MSYAPOP.csv
../csv_test/MSYAURN.csv
../csv_test/MULT.csv
../csv_test/MZM.csv
../csv_test/MZMNS.csv
../csv_test/MZMOWN.csv
../csv_test/MZMSL.csv
../csv_test/NAPM.csv
../csv_test/NBCB.csv
../csv_test/NCOCMC11.csv
../csv_test/NCOCMC12.csv
../csv_test/NCOCMC13.csv
../csv_test/NCOCMC14.csv
../csv_test/NCOCMC15.csv
../csv_test/NCOCMC16.csv
../csv_test/NCOCMC17.csv
../csv_test/NCOCMC18.csv
../csv_test/NCOCMC19.csv
../csv_test/NCOCMC1.csv
../csv_test/NCOCMC21.csv
../csv_test/NCOCMC22.csv
../csv_test/NCOCMC23.csv
../csv_test/NCOCMC24.csv
../csv_test/NCOCMC25.csv
../csv_test/NCOCMC26.csv
../csv_test/NCOCMC27.csv
../csv_test/NCOCMC28.csv
../csv_test/NCOCMC29.csv
../csv_test/NCOCMC2.csv
../csv_test/NCOCMC31.csv
../csv_test/NCOCMC32.csv
../csv_test/NCOCMC33.csv
../csv_test/NCOCMC34.csv
../csv_test/NCOCMC35.csv
../csv_test/NCOCMC36.csv
../csv_test/NCOCMC37.csv
../csv_test/NCOCMC38.csv
../csv_test/NCOCMC39.csv
../csv_test/NCOCMC3.csv
../csv_test/NCOCMC4.csv
../csv_test/NCOCMC5.csv
../csv_test/NCOCMC.csv
../csv_test/NCOTOT11.csv
../csv_test/NCOTOT12.csv
../csv_test/NCOTOT13.csv
../csv_test/NCOTOT14.csv
../csv_test/NCOTOT15.csv
../csv_test/NCOTOT16.csv
../csv_test/NCOTOT17.csv
../csv_test/NCOTOT18.csv
../csv_test/NCOTOT19.csv
../csv_test/NCOTOT1.csv
../csv_test/NCOTOT21.csv
../csv_test/NCOTOT22.csv
../csv_test/NCOTOT23.csv
../csv_test/NCOTOT24.csv
../csv_test/NCOTOT25.csv
../csv_test/NCOTOT26.csv
../csv_test/NCOTOT27.csv
../csv_test/NCOTOT28.csv
../csv_test/NCOTOT29.csv
../csv_test/NCOTOT2.csv
../csv_test/NCOTOT31.csv
../csv_test/NCOTOT32.csv
../csv_test/NCOTOT33.csv
../csv_test/NCOTOT34.csv
../csv_test/NCOTOT35.csv
../csv_test/NCOTOT36.csv
../csv_test/NCOTOT37.csv
../csv_test/NCOTOT38.csv
../csv_test/NCOTOT39.csv
../csv_test/NCOTOT3.csv
../csv_test/NCOTOT4.csv
../csv_test/NCOTOT5.csv
../csv_test/NCOTOT.csv
../csv_test/NDGIC96.csv
../csv_test/NDGI.csv
../csv_test/NETEXC96.csv
../csv_test/NETEXC.csv
../csv_test/NETEXP.csv
../csv_test/NETFI.csv
../csv_test/NEWORDER.csv
../csv_test/NFCPATAX.csv
../csv_test/NFDEBT.csv
../csv_test/NFORBRES.csv
../csv_test/NICUR.csv
../csv_test/noeol.csv
Parse Error filename=../csv_test/noeol.csv, msg=File has no data, context=[]
../csv_test/NONM1.csv
../csv_test/NONREVNS.csv
../csv_test/NONREVSL.csv
../csv_test/NPCMCM11.csv
../csv_test/NPCMCM12.csv
../csv_test/NPCMCM13.csv
../csv_test/NPCMCM14.csv
../csv_test/NPCMCM15.csv
../csv_test/NPCMCM16.csv
../csv_test/NPCMCM17.csv
../csv_test/NPCMCM18.csv
../csv_test/NPCMCM19.csv
../csv_test/NPCMCM1.csv
../csv_test/NPCMCM21.csv
../csv_test/NPCMCM22.csv
../csv_test/NPCMCM23.csv
../csv_test/NPCMCM24.csv
../csv_test/NPCMCM25.csv
../csv_test/NPCMCM26.csv
../csv_test/NPCMCM27.csv
../csv_test/NPCMCM28.csv
../csv_test/NPCMCM29.csv
../csv_test/NPCMCM2.csv
../csv_test/NPCMCM31.csv
../csv_test/NPCMCM32.csv
../csv_test/NPCMCM33.csv
../csv_test/NPCMCM34.csv
../csv_test/NPCMCM35.csv
../csv_test/NPCMCM36.csv
../csv_test/NPCMCM37.csv
../csv_test/NPCMCM38.csv
../csv_test/NPCMCM39.csv
../csv_test/NPCMCM3.csv
../csv_test/NPCMCM4.csv
../csv_test/NPCMCM5.csv
../csv_test/NPCMCM.csv
../csv_test/NPTLTL11.csv
../csv_test/NPTLTL12.csv
../csv_test/NPTLTL13.csv
../csv_test/NPTLTL14.csv
../csv_test/NPTLTL15.csv
../csv_test/NPTLTL16.csv
../csv_test/NPTLTL17.csv
../csv_test/NPTLTL18.csv
../csv_test/NPTLTL19.csv
../csv_test/NPTLTL1.csv
../csv_test/NPTLTL21.csv
../csv_test/NPTLTL22.csv
../csv_test/NPTLTL23.csv
../csv_test/NPTLTL24.csv
../csv_test/NPTLTL25.csv
../csv_test/NPTLTL26.csv
../csv_test/NPTLTL27.csv
../csv_test/NPTLTL28.csv
../csv_test/NPTLTL29.csv
../csv_test/NPTLTL2.csv
../csv_test/NPTLTL31.csv
../csv_test/NPTLTL32.csv
../csv_test/NPTLTL33.csv
../csv_test/NPTLTL34.csv
../csv_test/NPTLTL35.csv
../csv_test/NPTLTL36.csv
../csv_test/NPTLTL37.csv
../csv_test/NPTLTL38.csv
../csv_test/NPTLTL39.csv
../csv_test/NPTLTL3.csv
../csv_test/NPTLTL4.csv
../csv_test/NPTLTL5.csv
../csv_test/NPTLTL.csv
../csv_test/NRIPDC1.csv
../csv_test/NRIPDC96.csv
../csv_test/NRIPDCA.csv
../csv_test/OCDNS.csv
../csv_test/OCDSL.csv
../csv_test/OILPRICE.csv
../csv_test/OPHMFG.csv
../csv_test/OPHNFB.csv
../csv_test/OPHPBS.csv
../csv_test/OTHERNS.csv
../csv_test/OTHERSL.csv
../csv_test/OTHSEC.csv
../csv_test/out7.csv
../csv_test/OUTBS.csv
../csv_test/out.csv
../csv_test/OUTMS.csv
../csv_test/OUTNFB.csv
../csv_test/OWNEDUHN.csv
../csv_test/OWNFIREN.csv
../csv_test/OWNGOVTN.csv
../csv_test/OWNINFON.csv
../csv_test/OWNLEIHN.csv
../csv_test/OWNLFN.csv
../csv_test/OWNMFGN.csv
../csv_test/OWNNAN.csv
../csv_test/OWNNRMNN.csv
../csv_test/OWNPBSVN.csv
../csv_test/OWNPOP.csv
../csv_test/OWNSRVON.csv
../csv_test/OWNTRADN.csv
../csv_test/OWNURN.csv
../csv_test/pago_ag.csv
../csv_test/pago_agg.csv
../csv_test/PAYEMS.csv
../csv_test/PBFEDUHN.csv
../csv_test/PBFFIREN.csv
../csv_test/PBFGOVTN.csv
../csv_test/PBFINFON.csv
../csv_test/PBFLEIHN.csv
../csv_test/PBFLFN.csv
../csv_test/PBFMFGN.csv
../csv_test/PBFNAN.csv
../csv_test/PBFNRMNN.csv
../csv_test/PBFPBSVN.csv
../csv_test/PBFPOP.csv
../csv_test/PBFSRVON.csv
../csv_test/PBFTRADN.csv
../csv_test/PBFURN.csv
../csv_test/PCDGA.csv
../csv_test/PCDGCC96.csv
../csv_test/PCDGCCA.csv
../csv_test/PCDG.csv
../csv_test/PCEC96.csv
../csv_test/PCECA.csv
../csv_test/PCECC96.csv
../csv_test/PCECCA.csv
../csv_test/PCEC.csv
../csv_test/PCE.csv
../csv_test/PCECTPI.csv
../csv_test/PCEDGC96.csv
../csv_test/PCEDG.csv
../csv_test/PCENDC96.csv
../csv_test/PCEND.csv
../csv_test/PCEPI.csv
../csv_test/PCEPILFE.csv
../csv_test/PCESC96.csv
../csv_test/PCES.csv
../csv_test/PCESVA.csv
../csv_test/PCESVC96.csv
../csv_test/PCESVCA.csv
../csv_test/PCESV.csv
../csv_test/PCNDA.csv
../csv_test/PCND.csv
../csv_test/PCNDGC96.csv
../csv_test/PCNDGCA.csv
../csv_test/PCREDIT8.csv
../csv_test/perf.csv
../csv_test/PERMIT.csv
../csv_test/PFCGEF.csv
../csv_test/PI.csv
../csv_test/PINCOME.csv
../csv_test/PMSAVE.csv
../csv_test/PNFIA.csv
../csv_test/PNFIC1.csv
../csv_test/PNFIC96.csv
../csv_test/PNFICA.csv
../csv_test/PNFI.csv
../csv_test/POP.csv
../csv_test/POPTHM.csv
../csv_test/PPIACO.csv
../csv_test/PPICEM.csv
../csv_test/PPICFF.csv
../csv_test/PPICPE.csv
../csv_test/PPICRM.csv
../csv_test/PPIENG.csv
../csv_test/PPIFCF.csv
../csv_test/PPIFCG.csv
../csv_test/PPIFEG.csv
../csv_test/PPIFGS.csv
../csv_test/PPIFLE.csv
../csv_test/PPIFLF.csv
../csv_test/PPIIDC.csv
../csv_test/PPIIEG.csv
../csv_test/PPIIFF.csv
../csv_test/PPIITM.csv
../csv_test/PPILFE.csv
../csv_test/Preliminary Loan List Final.csv
../csv_test/Preliminary Loan List Final - PRICED.csv
../csv_test/PRFIA.csv
../csv_test/PRFIC1.csv
../csv_test/PRFIC96.csv
../csv_test/PRFICA.csv
../csv_test/PRFI.csv
../csv_test/PRIME.csv
../csv_test/PROPINC.csv
../csv_test/PSAVE.csv
../csv_test/PSAVERT.csv
../csv_test/q3a-cov.csv
../csv_test/q3a.csv
Parse Error filename=../csv_test/q3a.csv, msg=Irregular number of columns, context=[]
../csv_test/q3a-ret.csv
Parse Error filename=../csv_test/q3a-ret.csv, msg=File has no data, context=[]
../csv_test/q3b-cov.csv
../csv_test/q3b.csv
Parse Error filename=../csv_test/q3b.csv, msg=Irregular number of columns, context=[]
../csv_test/q3b-ret.csv
Parse Error filename=../csv_test/q3b-ret.csv, msg=File has no data, context=[]
../csv_test/q3c-cov.csv
../csv_test/q3c.csv
Parse Error filename=../csv_test/q3c.csv, msg=Irregular number of columns, context=[]
../csv_test/q3c-ret.csv
Parse Error filename=../csv_test/q3c-ret.csv, msg=File has no data, context=[]
../csv_test/q3d-cov.csv
../csv_test/q3d.csv
Parse Error filename=../csv_test/q3d.csv, msg=Irregular number of columns, context=[]
../csv_test/q3d-ret.csv
../csv_test/q3d-SMALL_RHO.csv
Parse Error filename=../csv_test/q3d-SMALL_RHO.csv, msg=Irregular number of columns, context=[]
../csv_test/q3d-TRY.csv
Parse Error filename=../csv_test/q3d-TRY.csv, msg=Irregular number of columns, context=[]
../csv_test/q3d-ZERO.csv
Parse Error filename=../csv_test/q3d-ZERO.csv, msg=Irregular number of columns, context=[]
../csv_test/q3e-cov.csv
../csv_test/q3e.csv
Parse Error filename=../csv_test/q3e.csv, msg=Irregular number of columns, context=[Sum]
../csv_test/q3e-ret.csv
Parse Error filename=../csv_test/q3e-ret.csv, msg=File has no data, context=[]
../csv_test/q3e-SMALL_RHO.csv
Parse Error filename=../csv_test/q3e-SMALL_RHO.csv, msg=Irregular number of columns, context=[]
../csv_test/quiz-cov.csv
../csv_test/quiz-ret.csv
Parse Error filename=../csv_test/quiz-ret.csv, msg=File has no data, context=[]
../csv_test/RAM.csv
../csv_test/ratings.csv
Parse Error filename=../csv_test/ratings.csv, msg=Failed to parse line, context=[RTRS]
../csv_test/RCPHBS.csv
../csv_test/REALLN.csv
../csv_test/received.csv
../csv_test/RENTIN.csv
../csv_test/report33.csv
../csv_test/REQRESNS.csv
../csv_test/RESBALNS.csv
../csv_test/RETAIL.csv
../csv_test/RETAILNS.csv
../csv_test/returns.csv
../csv_test/REVOLNS.csv
../csv_test/REVOLSL.csv
../csv_test/RExample.csv
Parse Error filename=../csv_test/RExample.csv, msg=Irregular number of columns, context=[0.25902037]
../csv_test/rg_zips.csv
../csv_test/RMFNS.csv
../csv_test/RMFSL.csv
../csv_test/RPNS.csv
../csv_test/RRSFS.csv
../csv_test/RSAFS.csv
../csv_test/RSAFSNA.csv
../csv_test/RSALES.csv
../csv_test/RSBKCRNS.csv
../csv_test/RSFSXMV.csv
../csv_test/RSXFS.csv
../csv_test/SAVINGNS.csv
../csv_test/SAVINGS.csv
../csv_test/SAVINGSL.csv
../csv_test/SBASENS.csv
../csv_test/SEABORR.csv
../csv_test/SessionsByAgeCohort-FreePaid.csv
../csv_test/SessionsPerDay-FreePaid.csv
../csv_test/shellquiz3.csv
../csv_test/simlex.csv
Parse Error filename=../csv_test/simlex.csv, msg=Irregular number of columns, context=[Err [0.000000]
../csv_test/sites.csv
../csv_test/SLCEA.csv
../csv_test/SLCEC1.csv
../csv_test/SLCEC96.csv
../csv_test/SLCECA.csv
../csv_test/SLCE.csv
../csv_test/SLDEF.csv
../csv_test/SLEXPND.csv
../csv_test/SLINVC96.csv
../csv_test/SLINV.csv
../csv_test/sn_out.csv
../csv_test/snout_layout.csv
../csv_test/software_sector.csv
../csv_test/sp500_no-missing-days.iv.csv
../csv_test/sp500_week.csv
Parse Error filename=../csv_test/sp500_week.csv, msg=Irregular number of columns, context=[<!-- ichart6.finance.dcn.yahoo.com uncompressed Mon Nov 15 11:53:53 PST 2004 -->]
../csv_test/SPIEDUHN.csv
../csv_test/SPIFIREN.csv
../csv_test/SPIGOVTN.csv
../csv_test/SPIINFON.csv
../csv_test/SPILEIHN.csv
../csv_test/SPILFN.csv
../csv_test/SPIMFGN.csv
../csv_test/SPINAN.csv
../csv_test/SPINRMNN.csv
../csv_test/SPIPBSVN.csv
../csv_test/SPIPOP.csv
../csv_test/SPISRVON.csv
../csv_test/SPITRADN.csv
../csv_test/SPIURN.csv
../csv_test/SRVPRD.csv
../csv_test/state_region.csv
Parse Error filename=../csv_test/state_region.csv, msg=Irregular number of columns, context=[ÿ]
../csv_test/stats5.csv
../csv_test/stats.csv
../csv_test/STDCBNS.csv
../csv_test/STDCBSL.csv
../csv_test/STDNS.csv
../csv_test/STDSL.csv
../csv_test/STDTI.csv
../csv_test/STLEDUHN.csv
../csv_test/STLFIREN.csv
../csv_test/STLGOVTN.csv
../csv_test/STLINFON.csv
../csv_test/STLLEIHN.csv
../csv_test/STLLFN.csv
../csv_test/STLMFGN.csv
../csv_test/STLNAN.csv
../csv_test/STLNRMNN.csv
../csv_test/STLPBSVN.csv
../csv_test/STLPOP.csv
../csv_test/STLSRVON.csv
../csv_test/STLTRADN.csv
../csv_test/STLURN.csv
../csv_test/study.csv
Parse Error filename=../csv_test/study.csv, msg=Irregular number of columns, context=[q7=]
../csv_test/subband.csv
../csv_test/summary.csv
../csv_test/SVGCBNS.csv
../csv_test/SVGCBSL.csv
../csv_test/SVGTI.csv
../csv_test/SVSTCBNS.csv
../csv_test/SVSTCBSL.csv
../csv_test/SVSTNS.csv
../csv_test/SVSTSL.csv
../csv_test/table-1.csv
Parse Error filename=../csv_test/table-1.csv, msg=Irregular number of columns, context=[<!-- ichart4.finance.dcn.yahoo.com uncompressed Mon Nov 15 08:05:51 PST 2004 -->]
../csv_test/table.csv
Parse Error filename=../csv_test/table.csv, msg=Irregular number of columns, context=[<!-- ichart4.finance.dcn.yahoo.com uncompressed Mon Nov 15 08:04:01 PST 2004 -->]
../csv_test/TB1YA.csv
../csv_test/TB1YS.csv
../csv_test/TB3MA.csv
../csv_test/TB3MS.csv
../csv_test/TB4WK.csv
../csv_test/TB6MA.csv
../csv_test/TB6MS.csv
../csv_test/tbill.csv
../csv_test/TCD.csv
../csv_test/TCDNS.csv
../csv_test/TCDSL.csv
../csv_test/TCU.csv
../csv_test/TDSP.csv
../csv_test/test.csv
../csv_test/test_small.csv
../csv_test/test-std.csv
../csv_test/TEXEDUHN.csv
../csv_test/TEXFIREN.csv
../csv_test/TEXGOVTN.csv
../csv_test/TEXINFON.csv
../csv_test/TEXLEIHN.csv
../csv_test/TEXLFN.csv
../csv_test/TEXMFGN.csv
../csv_test/TEXNAN.csv
../csv_test/TEXNRMNN.csv
../csv_test/TEXPBSVN.csv
../csv_test/TEXPOP.csv
../csv_test/TEXSRVON.csv
../csv_test/text.csv
Parse Error filename=../csv_test/text.csv, msg=Irregular number of columns, context=[struct tm *]
../csv_test/TEXTRADN.csv
../csv_test/TEXURN.csv
../csv_test/TGDEF.csv
../csv_test/tmba.csv
Parse Error filename=../csv_test/tmba.csv, msg=Irregular number of columns, context=[2]
../csv_test/tmba-win32.csv
Parse Error filename=../csv_test/tmba-win32.csv, msg=Irregular number of columns, context=[]
../csv_test/TNBNLFN.csv
../csv_test/TNBNPOP.csv
../csv_test/TNBNURN.csv
../csv_test/TNCCLFN.csv
../csv_test/TNCCPOP.csv
../csv_test/TNCCURN.csv
../csv_test/TNCELFN.csv
../csv_test/TNCEPOP.csv
../csv_test/TNCEURN.csv
../csv_test/TNCONS.csv
../csv_test/TNCONSN.csv
../csv_test/TNCRLFN.csv
../csv_test/TNCRPOP.csv
../csv_test/TNCRURN.csv
../csv_test/TNDELFN.csv
../csv_test/TNDEPOP.csv
../csv_test/TNDEURN.csv
../csv_test/TNDYLFN.csv
../csv_test/TNDYPOP.csv
../csv_test/TNDYURN.csv
../csv_test/TNEACC.csv
../csv_test/TNEADJ.csv
../csv_test/TNEADM.csv
../csv_test/TNEART.csv
../csv_test/TNECON.csv
../csv_test/TNEDUHN.csv
../csv_test/TNEDUR.csv
../csv_test/TNEEDU.csv
../csv_test/TNEFIN.csv
../csv_test/TNEFOR.csv
../csv_test/TNEHEA.csv
../csv_test/TNEINF.csv
../csv_test/TNEMAN.csv
../csv_test/TNEMIN.csv
../csv_test/TNENET.csv
../csv_test/TNENON.csv
../csv_test/TNEOTH.csv
../csv_test/TNEPLA.csv
../csv_test/TNEPRO.csv
../csv_test/TNEREA.csv
../csv_test/TNERET.csv
../csv_test/TNETRA.csv
../csv_test/TNEUTI.csv
../csv_test/TNEWHO.csv
../csv_test/TNFALFN.csv
../csv_test/TNFAPOP.csv
../csv_test/TNFAURN.csv
../csv_test/TNFIRE.csv
../csv_test/TNFIREN.csv
../csv_test/TNGILFN.csv
../csv_test/TNGIPOP.csv
../csv_test/TNGIURN.csv
../csv_test/TNGOVT.csv
../csv_test/TNGOVTN.csv
../csv_test/TNHCLFN.csv
../csv_test/TNHCPOP.csv
../csv_test/TNHCURN.csv
../csv_test/TNHDLFN.csv
../csv_test/TNHDPOP.csv
../csv_test/TNHDURN.csv
../csv_test/TNHELFN.csv
../csv_test/TNHEPOP.csv
../csv_test/TNHEURN.csv
../csv_test/TNHRLFN.csv
../csv_test/TNHRPOP.csv
../csv_test/TNHRURN.csv
../csv_test/TNHYLFN.csv
../csv_test/TNHYPOP.csv
../csv_test/TNHYURN.csv
../csv_test/TNINFO.csv
../csv_test/TNINFON.csv
../csv_test/TNLALFN.csv
../csv_test/TNLAPOP.csv
../csv_test/TNLAURN.csv
../csv_test/TNLEIH.csv
../csv_test/TNLEIHN.csv
../csv_test/TNLF.csv
../csv_test/TNLFN.csv
../csv_test/TNLLRTL.csv
../csv_test/TNLSTL.csv
../csv_test/TNLULFN.csv
../csv_test/TNLUPOP.csv
../csv_test/TNLUURN.csv
../csv_test/TNMDLFN.csv
../csv_test/TNMDPOP.csv
../csv_test/TNMDURN.csv
../csv_test/TNMFGN.csv
../csv_test/TNMNLFN.csv
../csv_test/TNMNPOP.csv
../csv_test/TNMNURN.csv
../csv_test/TNNA.csv
../csv_test/TNNAN.csv
../csv_test/TNNIM.csv
../csv_test/TNNPTL.csv
../csv_test/TNNRMNN.csv
../csv_test/TNNUM.csv
../csv_test/TNOBEN.csv
../csv_test/TNOBLFN.csv
../csv_test/TNOBPOP.csv
../csv_test/TNOBURN.csv
../csv_test/TNODIV.csv
../csv_test/TNOFAR.csv
../csv_test/TNOFPE.csv
../csv_test/TNOI96.csv
../csv_test/TNONON.csv
../csv_test/TNONOP.csv
../csv_test/TNOOTH.csv
../csv_test/TNOPCI.csv
../csv_test/TNOPER.csv
../csv_test/TNOSOC.csv
../csv_test/TNOTOT.csv
../csv_test/TNOTRA.csv
../csv_test/TNPBSV.csv
../csv_test/TNPBSVN.csv
../csv_test/TNPHCI.csv
../csv_test/TNPLLRTL.csv
../csv_test/TNPLSTL.csv
../csv_test/TNPNIM.csv
../csv_test/TNPNPTL.csv
../csv_test/TNPNUM.csv
../csv_test/TNPOP.csv
../csv_test/TNPROA.csv
../csv_test/TNPROE.csv
../csv_test/TNROA.csv
../csv_test/TNROE.csv
../csv_test/TNSHLFN.csv
../csv_test/TNSHPOP.csv
../csv_test/TNSHURN.csv
../csv_test/TNSRVON.csv
../csv_test/TNTILFN.csv
../csv_test/TNTIPOP.csv
../csv_test/TNTIURN.csv
../csv_test/TNTRAD.csv
../csv_test/TNTRADN.csv
../csv_test/TNUR.csv
../csv_test/TNURN.csv
../csv_test/TNWACC.csv
../csv_test/TNWADM.csv
../csv_test/TNWART.csv
../csv_test/TNWCON.csv
../csv_test/TNWDUR.csv
../csv_test/TNWEDU.csv
../csv_test/TNWELFN.csv
../csv_test/TNWEPOP.csv
../csv_test/TNWEURN.csv
../csv_test/TNWFIN.csv
../csv_test/TNWFOR.csv
../csv_test/TNWHEA.csv
../csv_test/TNWINF.csv
../csv_test/TNWMAN.csv
../csv_test/TNWMIN.csv
../csv_test/TNWNON.csv
../csv_test/TNWOTH.csv
../csv_test/TNWPRO.csv
../csv_test/TNWREA.csv
../csv_test/TNWRET.csv
../csv_test/TNWTOT.csv
../csv_test/TNWTRA.csv
../csv_test/TNWUTI.csv
../csv_test/TNWWHO.csv
../csv_test/TOTALNS.csv
../csv_test/TOTALSL.csv
../csv_test/TOTBKCR.csv
../csv_test/TOTBORR.csv
../csv_test/TOTCI.csv
../csv_test/TOTLL.csv
../csv_test/TOTRESNS.csv
../csv_test/TOTTCBNS.csv
../csv_test/TOTTCBSL.csv
../csv_test/TOTTDP.csv
../csv_test/TOTTDPNS.csv
../csv_test/TOTTIME.csv
../csv_test/TP10J07.csv
../csv_test/TP10J08.csv
../csv_test/TP10J09.csv
../csv_test/TP10J10.csv
../csv_test/TP10J11.csv
../csv_test/TP10J12.csv
../csv_test/TP10J14.csv
../csv_test/TP10J15.csv
../csv_test/TP10J16.csv
../csv_test/TP10L12.csv
../csv_test/TP10L13.csv
../csv_test/TP10L14.csv
../csv_test/TP10L15.csv
../csv_test/TP10L16.csv
../csv_test/TP30A28.csv
../csv_test/TP30A29.csv
../csv_test/TP3HA32.csv
../csv_test/TP5A10.csv
../csv_test/TP5A11.csv
../csv_test/TP5L02.csv
../csv_test/TRARR.csv
../csv_test/TREASURY.csv
../csv_test/TVCKSNS.csv
../csv_test/TVCKSSL.csv
../csv_test/TWEXB.csv
../csv_test/TWEXBMTH.csv
../csv_test/TWEX.csv
../csv_test/TWEXM.csv
../csv_test/TWEXMMTH.csv
../csv_test/TWEXMTHY.csv
../csv_test/TWEXO.csv
../csv_test/TWEXOMTH.csv
../csv_test/UEMP15OV.csv
../csv_test/UEMPLT5.csv
../csv_test/UEMPMED.csv
../csv_test/ULCBS.csv
../csv_test/ULCMFG.csv
../csv_test/ULCNFB.csv
../csv_test/UMCSENT1.csv
../csv_test/UMCSENT.csv
../csv_test/UNEMPLOY.csv
../csv_test/UNLPBS.csv
../csv_test/UNLPNBS.csv
../csv_test/UNRATE.csv
../csv_test/unsold.csv
../csv_test/Upgrades.csv
../csv_test/US100LLRTL.csv
../csv_test/US100LSTL.csv
../csv_test/US100NIM.csv
../csv_test/US100NPTL.csv
../csv_test/US100NUM.csv
../csv_test/US100ROA.csv
../csv_test/US100ROE.csv
../csv_test/US115LLRTL.csv
../csv_test/US115LSTL.csv
../csv_test/US115NIM.csv
../csv_test/US115NPTL.csv
../csv_test/US115NUM.csv
../csv_test/US115ROA.csv
../csv_test/US115ROE.csv
../csv_test/US13LLRTL.csv
../csv_test/US13LSTL.csv
../csv_test/US13NIM.csv
../csv_test/US13NPTL.csv
../csv_test/US13NUM.csv
../csv_test/US13ROA.csv
../csv_test/US13ROE.csv
../csv_test/US1LLRTL.csv
../csv_test/US1LSTL.csv
../csv_test/US1NIM.csv
../csv_test/US1NPTL.csv
../csv_test/US1NUM.csv
../csv_test/US1ROA.csv
../csv_test/US1ROE.csv
../csv_test/US300LLRTL.csv
../csv_test/US300LSTL.csv
../csv_test/US300NIM.csv
../csv_test/US300NPTL.csv
../csv_test/US300NUM.csv
../csv_test/US300ROA.csv
../csv_test/US300ROE.csv
../csv_test/US31LLRTL.csv
../csv_test/US31LSTL.csv
../csv_test/US31NIM.csv
../csv_test/US31NPTL.csv
../csv_test/US31NUM.csv
../csv_test/US31ROA.csv
../csv_test/US31ROE.csv
../csv_test/USCONS.csv
../csv_test/USEHS.csv
../csv_test/user_page.csv
../csv_test/user_scores.csv
../csv_test/user_user.csv
../csv_test/USFIRE.csv
../csv_test/USG15LLRTL.csv
../csv_test/USG15LSTL.csv
../csv_test/USG15NIM.csv
../csv_test/USG15NPTL.csv
../csv_test/USG15NUM.csv
../csv_test/USG15ROA.csv
../csv_test/USG15ROE.csv
../csv_test/USGDCB.csv
../csv_test/USGOOD.csv
../csv_test/USGOVT.csv
../csv_test/USGSEC.csv
../csv_test/USGVDDNS.csv
../csv_test/USINFO.csv
../csv_test/USL15LLRTL.csv
../csv_test/USL15LSTL.csv
../csv_test/USL15NIM.csv
../csv_test/USL15NPTL.csv
../csv_test/USL15NUM.csv
../csv_test/USL15ROA.csv
../csv_test/USL15ROE.csv
../csv_test/USLAH.csv
../csv_test/USLLRTL.csv
../csv_test/USLSTL.csv
../csv_test/USMINE.csv
../csv_test/USNIM.csv
../csv_test/USNPTL.csv
../csv_test/USNUM.csv
../csv_test/USPBS.csv
../csv_test/USROA.csv
../csv_test/USROE.csv
../csv_test/USSERV.csv
../csv_test/USTPU.csv
../csv_test/USTRADE.csv
../csv_test/USWTRADE.csv
../csv_test/VAULT.csv
../csv_test/WAAA.csv
../csv_test/WASCUR.csv
../csv_test/WBA3M.csv
../csv_test/WBA6M.csv
../csv_test/WBAA.csv
../csv_test/WCD1M.csv
../csv_test/WCD3M.csv
../csv_test/WCD6M.csv
../csv_test/WCP1M.csv
../csv_test/WCP3M.csv
../csv_test/WCP6M.csv
../csv_test/WCPF1M.csv
../csv_test/WCPF2M.csv
../csv_test/WCPF3M.csv
../csv_test/WCPN1M.csv
../csv_test/WCPN2M.csv
../csv_test/WCPN3M.csv
../csv_test/WCURCIR.csv
../csv_test/WCURRNS.csv
../csv_test/WDDNS.csv
../csv_test/WDDSL.csv
../csv_test/WDISCRT.csv
../csv_test/wedding.csv
Parse Error filename=../csv_test/wedding.csv, msg=Failed to parse line, context=[ap@tellusion.comhow@gmail.com>]
../csv_test/WFII10.csv
../csv_test/WFII20.csv
../csv_test/WFII5.csv
../csv_test/WFII7.csv
../csv_test/WGS10YR.csv
../csv_test/WGS1MO.csv
../csv_test/WGS1YR.csv
../csv_test/WGS20YR.csv
../csv_test/WGS2YR.csv
../csv_test/WGS30YR.csv
../csv_test/WGS3MO.csv
../csv_test/WGS3YR.csv
../csv_test/WGS5YR.csv
../csv_test/WGS6MO.csv
../csv_test/WGS7YR.csv
../csv_test/WIMFNS.csv
../csv_test/WIMFSL.csv
../csv_test/win32api.csv
../csv_test/WLGTIME.csv
../csv_test/WLGTMNS.csv
../csv_test/WLTA.csv
../csv_test/WM1NS.csv
../csv_test/WM2NS.csv
../csv_test/WM3NS.csv
../csv_test/WMORTG.csv
../csv_test/WMZMNS.csv
../csv_test/WNONM1NS.csv
../csv_test/WOCDNS.csv
../csv_test/WOCDSL.csv
../csv_test/WPCREDIT.csv
../csv_test/WPRIME.csv
../csv_test/WRESBAL.csv
../csv_test/WRMFNS.csv
../csv_test/WRMFSL.csv
../csv_test/WRMORTG.csv
../csv_test/WSAVNS.csv
../csv_test/WSBASE.csv
../csv_test/WSMTIME.csv
../csv_test/WSMTMNS.csv
../csv_test/WSVCBAL.csv
../csv_test/WTB1YA.csv
../csv_test/WTB1YS.csv
../csv_test/WTB3MA.csv
../csv_test/WTB3MS.csv
../csv_test/WTB4WK.csv
../csv_test/WTB6MA.csv
../csv_test/WTB6MS.csv
../csv_test/WTCDNS.csv
../csv_test/WTOTTMNS.csv
../csv_test/WTP10J07.csv
../csv_test/WTP10J08.csv
../csv_test/WTP10J09.csv
../csv_test/WTP10J10.csv
../csv_test/WTP10J11.csv
../csv_test/WTP10J12.csv
../csv_test/WTP10J14.csv
../csv_test/WTP10J15.csv
../csv_test/WTP10J16.csv
../csv_test/WTP10L12.csv
../csv_test/WTP10L13.csv
../csv_test/WTP10L14.csv
../csv_test/WTP10L15.csv
../csv_test/WTP10L16.csv
../csv_test/WTP30A28.csv
../csv_test/WTP30A29.csv
../csv_test/WTP3HA32.csv
../csv_test/WTP5A10.csv
../csv_test/WTP5A11.csv
../csv_test/WTP5L02.csv
../csv_test/x.csv
../csv_test/XRCB.csv
../csv_test/yahoo_exchanges.csv
Parse Error filename=../csv_test/yahoo_exchanges.csv, msg=Irregular number of columns, context=[United Kingdom]
